mode: set
github.com/viebiz/lit/context.go:56.51,58.2 1 1
github.com/viebiz/lit/context.go:60.51,62.2 1 1
github.com/viebiz/lit/context.go:64.55,66.2 1 1
github.com/viebiz/lit/context.go:68.80,71.2 2 1
github.com/viebiz/lit/context.go:73.55,75.2 1 1
github.com/viebiz/lit/context.go:77.53,79.30 2 1
github.com/viebiz/lit/context.go:79.30,82.3 2 1
github.com/viebiz/lit/context.go:84.2,84.63 1 0
github.com/viebiz/lit/context.go:87.55,88.44 1 1
github.com/viebiz/lit/context.go:88.44,90.3 1 0
github.com/viebiz/lit/context.go:93.2,93.47 1 1
github.com/viebiz/lit/context.go:93.47,95.3 1 0
github.com/viebiz/lit/context.go:97.2,97.12 1 1
github.com/viebiz/lit/errors.go:25.35,27.2 1 1
github.com/viebiz/lit/grpc_options.go:13.54,14.41 1 0
github.com/viebiz/lit/grpc_options.go:14.41,16.3 1 0
github.com/viebiz/lit/grpc_options.go:19.62,20.41 1 0
github.com/viebiz/lit/grpc_options.go:20.41,25.3 1 0
github.com/viebiz/lit/grpc_server.go:19.74,25.2 2 0
github.com/viebiz/lit/grpc_server.go:27.105,29.27 2 1
github.com/viebiz/lit/grpc_server.go:29.27,31.3 1 0
github.com/viebiz/lit/grpc_server.go:33.2,38.8 2 1
github.com/viebiz/lit/grpc_server.go:41.35,48.2 3 1
github.com/viebiz/lit/grpc_server.go:50.56,53.12 2 1
github.com/viebiz/lit/grpc_server.go:53.12,58.17 4 1
github.com/viebiz/lit/grpc_server.go:58.17,61.4 2 0
github.com/viebiz/lit/grpc_server.go:63.3,63.51 1 1
github.com/viebiz/lit/grpc_server.go:63.51,65.4 1 0
github.com/viebiz/lit/grpc_server.go:68.2,68.9 1 1
github.com/viebiz/lit/grpc_server.go:69.27,70.45 1 0
github.com/viebiz/lit/grpc_server.go:70.45,72.4 1 0
github.com/viebiz/lit/grpc_server.go:73.3,73.13 1 0
github.com/viebiz/lit/grpc_server.go:74.20,76.13 2 0
github.com/viebiz/lit/grpc_server.go:80.30,85.2 3 0
github.com/viebiz/lit/grpc_service_registrar.go:11.52,13.2 1 1
github.com/viebiz/lit/grpc_stream_interceptor.go:9.80,10.116 1 0
github.com/viebiz/lit/grpc_stream_interceptor.go:10.116,14.3 1 0
github.com/viebiz/lit/grpc_unary_interceptor.go:19.82,20.127 1 1
github.com/viebiz/lit/grpc_unary_interceptor.go:20.127,26.16 3 1
github.com/viebiz/lit/grpc_unary_interceptor.go:26.16,27.32 1 1
github.com/viebiz/lit/grpc_unary_interceptor.go:27.32,29.12 2 1
github.com/viebiz/lit/grpc_unary_interceptor.go:29.12,31.6 1 1
github.com/viebiz/lit/grpc_unary_interceptor.go:33.5,36.37 3 1
github.com/viebiz/lit/grpc_unary_interceptor.go:40.3,46.17 4 1
github.com/viebiz/lit/grpc_unary_interceptor.go:50.41,52.9 2 1
github.com/viebiz/lit/grpc_unary_interceptor.go:52.9,54.3 1 0
github.com/viebiz/lit/grpc_unary_interceptor.go:56.2,57.16 2 1
github.com/viebiz/lit/grpc_unary_interceptor.go:57.16,59.3 1 0
github.com/viebiz/lit/grpc_unary_interceptor.go:61.2,61.10 1 1
github.com/viebiz/lit/grpc_unary_interceptor.go:64.99,70.32 2 1
github.com/viebiz/lit/grpc_unary_interceptor.go:70.32,72.3 1 1
github.com/viebiz/lit/grpc_unary_interceptor.go:74.2,74.93 1 1
github.com/viebiz/lit/grpc_unary_interceptor.go:74.93,76.3 1 1
github.com/viebiz/lit/grpc_unary_interceptor.go:78.2,80.36 1 1
github.com/viebiz/lit/handler_func.go:18.62,19.30 1 1
github.com/viebiz/lit/handler_func.go:19.30,20.63 1 1
github.com/viebiz/lit/handler_func.go:20.63,22.32 2 0
github.com/viebiz/lit/handler_func.go:22.32,25.5 2 0
github.com/viebiz/lit/handler_func.go:28.4,31.75 2 0
github.com/viebiz/lit/middleware_root.go:14.58,15.25 1 1
github.com/viebiz/lit/middleware_root.go:15.25,18.16 2 1
github.com/viebiz/lit/middleware_root.go:18.16,20.32 1 1
github.com/viebiz/lit/middleware_root.go:20.32,23.12 2 1
github.com/viebiz/lit/middleware_root.go:23.12,25.6 1 0
github.com/viebiz/lit/middleware_root.go:29.5,34.60 3 1
github.com/viebiz/lit/middleware_root.go:39.3,50.58 5 1
github.com/viebiz/lit/middleware_root.go:60.71,62.2 1 1
github.com/viebiz/lit/middleware_root.go:64.66,65.15 1 1
github.com/viebiz/lit/middleware_root.go:65.15,66.17 1 1
github.com/viebiz/lit/middleware_root.go:66.17,68.4 1 0
github.com/viebiz/lit/middleware_root.go:68.9,70.4 1 1
github.com/viebiz/lit/middleware_root.go:73.2,73.37 1 1
github.com/viebiz/lit/middleware_root.go:76.86,82.34 2 1
github.com/viebiz/lit/middleware_root.go:82.34,84.3 1 0
github.com/viebiz/lit/middleware_root.go:86.2,86.32 1 1
github.com/viebiz/lit/middleware_root.go:86.32,88.3 1 1
github.com/viebiz/lit/middleware_root.go:90.2,97.13 2 1
github.com/viebiz/lit/router.go:31.41,38.2 3 0
github.com/viebiz/lit/router.go:40.56,42.33 2 1
github.com/viebiz/lit/router.go:42.33,43.42 1 1
github.com/viebiz/lit/router.go:43.42,45.4 1 1
github.com/viebiz/lit/router.go:48.2,48.32 1 1
github.com/viebiz/lit/router.go:51.86,53.2 1 1
github.com/viebiz/lit/router.go:55.68,57.2 1 0
github.com/viebiz/lit/router.go:59.69,61.2 1 0
github.com/viebiz/lit/router.go:63.68,65.2 1 0
github.com/viebiz/lit/router.go:67.70,69.2 1 0
github.com/viebiz/lit/router.go:71.71,73.2 1 0
github.com/viebiz/lit/router.go:75.71,82.2 3 0
github.com/viebiz/lit/server.go:24.113,41.27 5 0
github.com/viebiz/lit/server.go:41.27,43.3 1 0
github.com/viebiz/lit/server.go:45.2,45.12 1 0
github.com/viebiz/lit/server.go:48.32,56.2 3 0
github.com/viebiz/lit/server.go:58.53,62.12 2 0
github.com/viebiz/lit/server.go:62.12,67.18 4 0
github.com/viebiz/lit/server.go:67.18,69.4 1 0
github.com/viebiz/lit/server.go:69.9,71.4 1 0
github.com/viebiz/lit/server.go:73.3,73.17 1 0
github.com/viebiz/lit/server.go:73.17,75.4 1 0
github.com/viebiz/lit/server.go:79.2,79.9 1 0
github.com/viebiz/lit/server.go:80.27,82.44 1 0
github.com/viebiz/lit/server.go:82.44,84.4 1 0
github.com/viebiz/lit/server.go:85.3,85.13 1 0
github.com/viebiz/lit/server.go:86.20,87.20 1 0
github.com/viebiz/lit/server.go:91.33,98.53 5 0
github.com/viebiz/lit/server.go:98.53,101.47 2 0
github.com/viebiz/lit/server.go:101.47,103.4 1 0
github.com/viebiz/lit/server.go:106.2,106.12 1 0
github.com/viebiz/lit/test_helper.go:9.72,21.26 6 1
github.com/viebiz/lit/test_helper.go:21.26,23.3 1 1
github.com/viebiz/lit/test_helper.go:26.72,33.37 4 0
github.com/viebiz/lit/test_helper.go:33.37,40.3 3 0
github.com/viebiz/lit/env/env.go:10.77,12.82 2 1
github.com/viebiz/lit/env/env.go:12.82,14.3 1 0
github.com/viebiz/lit/env/env.go:16.2,16.35 1 1
github.com/viebiz/lit/env/env.go:16.35,17.42 1 1
github.com/viebiz/lit/env/env.go:17.42,19.4 1 1
github.com/viebiz/lit/env/env.go:22.2,22.17 1 1
github.com/viebiz/lit/env/env.go:25.57,26.34 1 1
github.com/viebiz/lit/env/env.go:27.14,30.13 2 1
github.com/viebiz/lit/env/env.go:31.11,32.18 1 1
github.com/viebiz/lit/env/env.go:32.18,34.4 1 0
github.com/viebiz/lit/env/env.go:36.3,37.17 2 1
github.com/viebiz/lit/env/env.go:37.17,39.4 1 0
github.com/viebiz/lit/env/env.go:41.3,42.13 2 1
github.com/viebiz/lit/env/env.go:43.12,45.17 2 1
github.com/viebiz/lit/env/env.go:45.17,47.4 1 0
github.com/viebiz/lit/env/env.go:49.3,50.13 2 1
github.com/viebiz/lit/env/env.go:51.10,52.73 1 0
github.com/viebiz/lit/env/env.go:59.27,60.52 1 1
github.com/viebiz/lit/env/env.go:60.52,61.19 1 1
github.com/viebiz/lit/env/env.go:61.19,63.4 1 0
github.com/viebiz/lit/env/env.go:65.3,65.23 1 1
github.com/viebiz/lit/env/env.go:66.15,67.19 1 1
github.com/viebiz/lit/env/env.go:67.19,69.5 1 1
github.com/viebiz/lit/env/env.go:72.3,72.13 1 1
github.com/viebiz/lit/env/env.go:76.56,77.52 1 0
github.com/viebiz/lit/env/env.go:77.52,78.30 1 0
github.com/viebiz/lit/env/env.go:78.30,79.18 1 0
github.com/viebiz/lit/env/env.go:79.18,81.5 1 0
github.com/viebiz/lit/env/env.go:84.3,84.65 1 0
github.com/viebiz/lit/env/env.go:88.29,89.52 1 1
github.com/viebiz/lit/env/env.go:89.52,91.10 2 1
github.com/viebiz/lit/env/env.go:91.10,93.4 1 0
github.com/viebiz/lit/env/env.go:95.3,95.17 1 1
github.com/viebiz/lit/env/env.go:95.17,97.4 1 0
github.com/viebiz/lit/env/env.go:99.3,99.13 1 1
github.com/viebiz/lit/env/mock_Validator.go:13.72,16.19 2 0
github.com/viebiz/lit/env/mock_Validator.go:16.19,17.49 1 0
github.com/viebiz/lit/env/mock_Validator.go:20.2,21.64 2 0
github.com/viebiz/lit/env/mock_Validator.go:21.64,23.3 1 0
github.com/viebiz/lit/env/mock_Validator.go:23.8,25.3 1 0
github.com/viebiz/lit/env/mock_Validator.go:27.2,27.11 1 0
github.com/viebiz/lit/env/mock_Validator.go:35.19,39.19 3 0
github.com/viebiz/lit/env/mock_Validator.go:39.19,39.49 1 0
github.com/viebiz/lit/env/mock_Validator.go:41.2,41.13 1 0
github.com/viebiz/lit/grpcclient/client_conn.go:21.83,23.2 1 1
github.com/viebiz/lit/grpcclient/client_conn.go:25.95,34.16 3 1
github.com/viebiz/lit/grpcclient/client_conn.go:34.16,36.3 1 0
github.com/viebiz/lit/grpcclient/client_conn.go:38.2,40.8 1 1
github.com/viebiz/lit/grpcclient/client_conn.go:47.116,49.2 1 1
github.com/viebiz/lit/grpcclient/client_conn.go:51.142,53.2 1 0
github.com/viebiz/lit/grpcclient/client_conn.go:55.93,64.2 1 1
github.com/viebiz/lit/grpcclient/client_interceptor.go:20.15,22.27 2 1
github.com/viebiz/lit/grpcclient/client_interceptor.go:22.27,23.51 1 1
github.com/viebiz/lit/grpcclient/client_interceptor.go:23.51,25.12 2 1
github.com/viebiz/lit/grpcclient/client_interceptor.go:29.2,30.15 2 1
github.com/viebiz/lit/grpcclient/client_interceptor.go:30.15,32.3 1 1
github.com/viebiz/lit/grpcclient/client_interceptor.go:34.2,36.77 2 1
github.com/viebiz/lit/grpcclient/client_interceptor.go:36.77,38.3 1 0
github.com/viebiz/lit/grpcclient/client_interceptor.go:40.2,40.12 1 1
github.com/viebiz/lit/grpcclient/client_interceptor.go:43.59,47.2 1 1
github.com/viebiz/lit/grpcclient/client_interceptor.go:49.40,51.9 2 1
github.com/viebiz/lit/grpcclient/client_interceptor.go:51.9,53.3 1 0
github.com/viebiz/lit/grpcclient/client_interceptor.go:55.2,56.16 2 1
github.com/viebiz/lit/grpcclient/client_interceptor.go:56.16,58.3 1 0
github.com/viebiz/lit/grpcclient/client_interceptor.go:60.2,60.10 1 1
github.com/viebiz/lit/caching/redis/client.go:74.44,76.2 1 0
github.com/viebiz/lit/caching/redis/client.go:79.74,82.16 2 0
github.com/viebiz/lit/caching/redis/client.go:82.16,84.3 1 0
github.com/viebiz/lit/caching/redis/client.go:87.2,98.8 5 0
github.com/viebiz/lit/caching/redis/client.go:101.59,102.57 1 0
github.com/viebiz/lit/caching/redis/client.go:102.57,104.3 1 0
github.com/viebiz/lit/caching/redis/client.go:106.2,106.12 1 0
github.com/viebiz/lit/caching/redis/client.go:109.105,115.16 5 0
github.com/viebiz/lit/caching/redis/client.go:115.16,117.3 1 0
github.com/viebiz/lit/caching/redis/client.go:119.2,119.17 1 0
github.com/viebiz/lit/caching/redis/client.go:124.96,125.49 1 0
github.com/viebiz/lit/caching/redis/client.go:125.49,127.3 1 0
github.com/viebiz/lit/caching/redis/client.go:129.2,129.67 1 0
github.com/viebiz/lit/caching/redis/client.go:129.67,131.3 1 0
github.com/viebiz/lit/caching/redis/client.go:133.2,133.12 1 0
github.com/viebiz/lit/caching/redis/client.go:136.41,138.2 1 0
github.com/viebiz/lit/caching/redis/client.go:140.82,142.16 2 0
github.com/viebiz/lit/caching/redis/client.go:142.16,144.3 1 0
github.com/viebiz/lit/caching/redis/client.go:146.2,146.16 1 0
github.com/viebiz/lit/caching/redis/client.go:149.107,151.16 2 0
github.com/viebiz/lit/caching/redis/client.go:151.16,153.3 1 0
github.com/viebiz/lit/caching/redis/client.go:155.2,155.16 1 0
github.com/viebiz/lit/caching/redis/constants.go:21.34,23.2 1 0
github.com/viebiz/lit/caching/redis/constants.go:25.33,27.2 1 0
github.com/viebiz/lit/caching/redis/errors.go:7.33,9.2 1 0
github.com/viebiz/lit/caching/redis/errors.go:11.31,13.2 1 0
github.com/viebiz/lit/caching/redis/hashes.go:24.93,26.99 1 0
github.com/viebiz/lit/caching/redis/hashes.go:26.99,28.3 1 0
github.com/viebiz/lit/caching/redis/hashes.go:31.2,32.16 2 0
github.com/viebiz/lit/caching/redis/hashes.go:32.16,34.3 1 0
github.com/viebiz/lit/caching/redis/hashes.go:37.2,37.12 1 0
github.com/viebiz/lit/caching/redis/hashes.go:37.12,39.3 1 0
github.com/viebiz/lit/caching/redis/hashes.go:41.2,41.12 1 0
github.com/viebiz/lit/caching/redis/hashes.go:46.94,48.47 1 0
github.com/viebiz/lit/caching/redis/hashes.go:48.47,50.3 1 0
github.com/viebiz/lit/caching/redis/hashes.go:53.2,53.63 1 0
github.com/viebiz/lit/caching/redis/hashes.go:53.63,55.3 1 0
github.com/viebiz/lit/caching/redis/hashes.go:57.2,57.12 1 0
github.com/viebiz/lit/caching/redis/hashes.go:62.110,64.47 1 0
github.com/viebiz/lit/caching/redis/hashes.go:64.47,66.3 1 0
github.com/viebiz/lit/caching/redis/hashes.go:69.2,69.67 1 0
github.com/viebiz/lit/caching/redis/hashes.go:69.67,71.3 1 0
github.com/viebiz/lit/caching/redis/hashes.go:73.2,73.12 1 0
github.com/viebiz/lit/caching/redis/pipeline.go:62.30,64.2 1 0
github.com/viebiz/lit/caching/redis/pipeline.go:66.55,67.49 1 0
github.com/viebiz/lit/caching/redis/pipeline.go:67.49,69.3 1 0
github.com/viebiz/lit/caching/redis/pipeline.go:71.2,71.12 1 0
github.com/viebiz/lit/caching/redis/pipeline.go:74.75,76.16 2 0
github.com/viebiz/lit/caching/redis/pipeline.go:76.16,78.3 1 0
github.com/viebiz/lit/caching/redis/pipeline.go:80.2,80.16 1 0
github.com/viebiz/lit/caching/redis/pipeline.go:83.100,85.16 2 0
github.com/viebiz/lit/caching/redis/pipeline.go:85.16,87.3 1 0
github.com/viebiz/lit/caching/redis/pipeline.go:89.2,89.16 1 0
github.com/viebiz/lit/caching/redis/pipeline.go:92.109,94.2 1 0
github.com/viebiz/lit/caching/redis/pipeline.go:96.119,98.2 1 0
github.com/viebiz/lit/caching/redis/pipeline.go:100.116,102.2 1 0
github.com/viebiz/lit/caching/redis/pipeline.go:104.79,106.2 1 0
github.com/viebiz/lit/caching/redis/pipeline.go:108.105,110.2 1 0
github.com/viebiz/lit/caching/redis/pipeline.go:112.115,114.2 1 0
github.com/viebiz/lit/caching/redis/pipeline.go:116.112,118.2 1 0
github.com/viebiz/lit/caching/redis/pipeline.go:120.93,122.16 2 0
github.com/viebiz/lit/caching/redis/pipeline.go:122.16,124.3 1 0
github.com/viebiz/lit/caching/redis/pipeline.go:126.2,126.16 1 0
github.com/viebiz/lit/caching/redis/pipeline.go:129.93,131.16 2 0
github.com/viebiz/lit/caching/redis/pipeline.go:131.16,133.3 1 0
github.com/viebiz/lit/caching/redis/pipeline.go:135.2,135.16 1 0
github.com/viebiz/lit/caching/redis/pipeline.go:138.75,140.2 1 0
github.com/viebiz/lit/caching/redis/pipeline.go:142.109,144.2 1 0
github.com/viebiz/lit/caching/redis/pipeline.go:146.119,148.2 1 0
github.com/viebiz/lit/caching/redis/pipeline.go:150.116,152.2 1 0
github.com/viebiz/lit/caching/redis/pipeline.go:154.102,156.16 2 0
github.com/viebiz/lit/caching/redis/pipeline.go:156.16,158.3 1 0
github.com/viebiz/lit/caching/redis/pipeline.go:160.2,160.16 1 0
github.com/viebiz/lit/caching/redis/pipeline.go:163.79,165.2 1 0
github.com/viebiz/lit/caching/redis/pipeline.go:167.86,169.99 1 0
github.com/viebiz/lit/caching/redis/pipeline.go:169.99,171.3 1 0
github.com/viebiz/lit/caching/redis/pipeline.go:174.2,175.16 2 0
github.com/viebiz/lit/caching/redis/pipeline.go:175.16,177.3 1 0
github.com/viebiz/lit/caching/redis/pipeline.go:180.2,180.12 1 0
github.com/viebiz/lit/caching/redis/pipeline.go:180.12,182.3 1 0
github.com/viebiz/lit/caching/redis/pipeline.go:184.2,184.12 1 0
github.com/viebiz/lit/caching/redis/pipeline.go:187.87,189.47 1 0
github.com/viebiz/lit/caching/redis/pipeline.go:189.47,191.3 1 0
github.com/viebiz/lit/caching/redis/pipeline.go:194.2,194.64 1 0
github.com/viebiz/lit/caching/redis/pipeline.go:194.64,196.3 1 0
github.com/viebiz/lit/caching/redis/pipeline.go:198.2,198.12 1 0
github.com/viebiz/lit/caching/redis/pipeline.go:201.103,203.47 1 0
github.com/viebiz/lit/caching/redis/pipeline.go:203.47,205.3 1 0
github.com/viebiz/lit/caching/redis/pipeline.go:208.2,208.68 1 0
github.com/viebiz/lit/caching/redis/pipeline.go:208.68,210.3 1 0
github.com/viebiz/lit/caching/redis/pipeline.go:212.2,212.12 1 0
github.com/viebiz/lit/caching/redis/strings.go:19.9,25.20 2 0
github.com/viebiz/lit/caching/redis/strings.go:25.20,28.3 2 0
github.com/viebiz/lit/caching/redis/strings.go:31.2,32.16 2 0
github.com/viebiz/lit/caching/redis/strings.go:32.16,34.3 1 0
github.com/viebiz/lit/caching/redis/strings.go:36.2,36.47 1 0
github.com/viebiz/lit/caching/redis/strings.go:36.47,38.3 1 0
github.com/viebiz/lit/caching/redis/strings.go:41.2,41.12 1 0
github.com/viebiz/lit/caching/redis/strings.go:44.112,46.52 2 0
github.com/viebiz/lit/caching/redis/strings.go:46.52,47.32 1 0
github.com/viebiz/lit/caching/redis/strings.go:47.32,49.4 1 0
github.com/viebiz/lit/caching/redis/strings.go:51.3,51.38 1 0
github.com/viebiz/lit/caching/redis/strings.go:54.2,54.16 1 0
github.com/viebiz/lit/caching/redis/strings.go:57.116,59.2 1 0
github.com/viebiz/lit/caching/redis/strings.go:61.126,63.2 1 0
github.com/viebiz/lit/caching/redis/strings.go:65.123,67.2 1 0
github.com/viebiz/lit/caching/redis/strings.go:69.86,71.2 1 0
github.com/viebiz/lit/caching/redis/strings.go:73.112,75.2 1 0
github.com/viebiz/lit/caching/redis/strings.go:77.122,79.2 1 0
github.com/viebiz/lit/caching/redis/strings.go:81.119,83.2 1 0
github.com/viebiz/lit/caching/redis/strings.go:85.82,87.2 1 0
github.com/viebiz/lit/caching/redis/strings.go:89.100,91.16 2 0
github.com/viebiz/lit/caching/redis/strings.go:91.16,93.3 1 0
github.com/viebiz/lit/caching/redis/strings.go:95.2,95.17 1 0
github.com/viebiz/lit/caching/redis/strings.go:98.100,100.16 2 0
github.com/viebiz/lit/caching/redis/strings.go:100.16,102.3 1 0
github.com/viebiz/lit/caching/redis/strings.go:104.2,104.17 1 0
github.com/viebiz/lit/caching/redis/strings.go:107.116,109.2 1 0
github.com/viebiz/lit/caching/redis/strings.go:111.126,113.2 1 0
github.com/viebiz/lit/caching/redis/strings.go:115.123,117.2 1 0
github.com/viebiz/lit/caching/redis/strings.go:119.109,121.16 2 0
github.com/viebiz/lit/caching/redis/strings.go:121.16,123.3 1 0
github.com/viebiz/lit/caching/redis/strings.go:125.2,125.17 1 0
github.com/viebiz/lit/caching/redis/strings.go:128.86,130.2 1 0
github.com/viebiz/lit/caching/redis/tracing_hook.go:19.69,23.2 1 0
github.com/viebiz/lit/caching/redis/tracing_hook.go:25.67,26.75 1 0
github.com/viebiz/lit/caching/redis/tracing_hook.go:26.75,30.16 4 0
github.com/viebiz/lit/caching/redis/tracing_hook.go:30.16,31.18 1 0
github.com/viebiz/lit/caching/redis/tracing_hook.go:31.18,33.5 1 0
github.com/viebiz/lit/caching/redis/tracing_hook.go:36.3,37.17 2 0
github.com/viebiz/lit/caching/redis/tracing_hook.go:37.17,39.4 1 0
github.com/viebiz/lit/caching/redis/tracing_hook.go:41.3,41.19 1 0
github.com/viebiz/lit/caching/redis/tracing_hook.go:45.76,46.58 1 0
github.com/viebiz/lit/caching/redis/tracing_hook.go:46.58,53.16 4 0
github.com/viebiz/lit/caching/redis/tracing_hook.go:53.16,54.18 1 0
github.com/viebiz/lit/caching/redis/tracing_hook.go:54.18,56.5 1 0
github.com/viebiz/lit/caching/redis/tracing_hook.go:59.3,59.40 1 0
github.com/viebiz/lit/caching/redis/tracing_hook.go:59.40,61.4 1 0
github.com/viebiz/lit/caching/redis/tracing_hook.go:63.3,63.13 1 0
github.com/viebiz/lit/caching/redis/tracing_hook.go:67.100,68.61 1 0
github.com/viebiz/lit/caching/redis/tracing_hook.go:68.61,76.16 5 0
github.com/viebiz/lit/caching/redis/tracing_hook.go:76.16,77.18 1 0
github.com/viebiz/lit/caching/redis/tracing_hook.go:77.18,79.5 1 0
github.com/viebiz/lit/caching/redis/tracing_hook.go:82.3,82.41 1 0
github.com/viebiz/lit/caching/redis/tracing_hook.go:82.41,84.4 1 0
github.com/viebiz/lit/caching/redis/tracing_hook.go:86.3,86.13 1 0
github.com/viebiz/lit/caching/redis/tracing_hook.go:90.46,94.2 1 0
github.com/viebiz/lit/httpclient/mock_PoolOption.go:17.53,19.2 1 0
github.com/viebiz/lit/httpclient/mock_PoolOption.go:26.20,30.19 3 0
github.com/viebiz/lit/httpclient/mock_PoolOption.go:30.19,30.49 1 0
github.com/viebiz/lit/httpclient/mock_PoolOption.go:32.2,32.13 1 0
github.com/viebiz/lit/httpclient/options.go:10.52,11.30 1 0
github.com/viebiz/lit/httpclient/options.go:11.30,13.3 1 0
github.com/viebiz/lit/httpclient/options.go:16.60,17.30 1 0
github.com/viebiz/lit/httpclient/options.go:17.30,19.3 1 0
github.com/viebiz/lit/httpclient/pool.go:31.53,37.27 2 0
github.com/viebiz/lit/httpclient/pool.go:37.27,39.3 1 0
github.com/viebiz/lit/httpclient/pool.go:41.2,41.11 1 0
github.com/viebiz/lit/httpclient/transport.go:13.47,20.2 5 0
github.com/viebiz/lit/guard/constants.go:12.33,14.2 1 0
github.com/viebiz/lit/guard/constants.go:16.32,18.2 1 0
github.com/viebiz/lit/guard/errors.go:22.53,24.2 1 1
github.com/viebiz/lit/guard/m2m_token_middleware.go:13.74,14.35 1 1
github.com/viebiz/lit/guard/m2m_token_middleware.go:14.35,17.21 2 1
github.com/viebiz/lit/guard/m2m_token_middleware.go:17.21,20.4 2 1
github.com/viebiz/lit/guard/m2m_token_middleware.go:23.3,24.17 2 1
github.com/viebiz/lit/guard/m2m_token_middleware.go:24.17,27.4 2 1
github.com/viebiz/lit/guard/m2m_token_middleware.go:30.3,31.17 2 1
github.com/viebiz/lit/guard/m2m_token_middleware.go:31.17,34.4 2 1
github.com/viebiz/lit/guard/m2m_token_middleware.go:37.3,43.11 5 1
github.com/viebiz/lit/guard/new.go:12.68,17.2 1 1
github.com/viebiz/lit/guard/role_permission_handler.go:11.142,12.41 1 0
github.com/viebiz/lit/guard/role_permission_handler.go:12.41,18.25 4 0
github.com/viebiz/lit/guard/role_permission_handler.go:18.25,21.4 2 0
github.com/viebiz/lit/guard/role_permission_handler.go:24.3,25.43 2 0
github.com/viebiz/lit/guard/role_permission_handler.go:25.43,27.9 2 0
github.com/viebiz/lit/guard/role_permission_handler.go:31.3,31.83 1 0
github.com/viebiz/lit/guard/role_permission_handler.go:31.83,32.49 1 0
github.com/viebiz/lit/guard/role_permission_handler.go:32.49,34.5 1 0
github.com/viebiz/lit/guard/role_permission_handler.go:36.4,36.43 1 0
github.com/viebiz/lit/guard/role_permission_handler.go:39.3,39.20 1 0
github.com/viebiz/lit/guard/scope_middleware.go:9.91,10.35 1 1
github.com/viebiz/lit/guard/scope_middleware.go:10.35,15.25 3 1
github.com/viebiz/lit/guard/scope_middleware.go:15.25,19.4 3 1
github.com/viebiz/lit/guard/scope_middleware.go:22.3,22.38 1 1
github.com/viebiz/lit/guard/scope_middleware.go:22.38,25.4 2 1
github.com/viebiz/lit/guard/scope_middleware.go:28.3,28.11 1 1
github.com/viebiz/lit/guard/user_token_middleware.go:19.75,20.35 1 1
github.com/viebiz/lit/guard/user_token_middleware.go:20.35,23.21 2 1
github.com/viebiz/lit/guard/user_token_middleware.go:23.21,26.4 2 1
github.com/viebiz/lit/guard/user_token_middleware.go:29.3,30.17 2 1
github.com/viebiz/lit/guard/user_token_middleware.go:30.17,33.4 2 1
github.com/viebiz/lit/guard/user_token_middleware.go:36.3,37.17 2 1
github.com/viebiz/lit/guard/user_token_middleware.go:37.17,40.4 2 1
github.com/viebiz/lit/guard/user_token_middleware.go:43.3,52.11 5 1
github.com/viebiz/lit/guard/user_token_middleware.go:56.45,58.82 2 1
github.com/viebiz/lit/guard/user_token_middleware.go:58.82,60.3 1 0
github.com/viebiz/lit/guard/user_token_middleware.go:62.2,62.27 1 1
github.com/viebiz/lit/guard/user_token_middleware.go:65.50,66.21 1 1
github.com/viebiz/lit/guard/user_token_middleware.go:69.31,70.41 1 1
github.com/viebiz/lit/guard/user_token_middleware.go:72.41,73.33 1 0
github.com/viebiz/lit/guard/user_token_middleware.go:75.10,77.84 2 1
github.com/viebiz/lit/postgres/connect.go:16.43,18.16 2 0
github.com/viebiz/lit/postgres/connect.go:18.16,20.3 1 0
github.com/viebiz/lit/postgres/connect.go:22.2,25.16 3 0
github.com/viebiz/lit/postgres/mock_Beginner.go:17.50,20.19 2 0
github.com/viebiz/lit/postgres/mock_Beginner.go:20.19,21.47 1 0
github.com/viebiz/lit/postgres/mock_Beginner.go:24.2,26.56 3 0
github.com/viebiz/lit/postgres/mock_Beginner.go:26.56,28.3 1 0
github.com/viebiz/lit/postgres/mock_Beginner.go:29.2,29.47 1 0
github.com/viebiz/lit/postgres/mock_Beginner.go:29.47,31.3 1 0
github.com/viebiz/lit/postgres/mock_Beginner.go:31.8,32.24 1 0
github.com/viebiz/lit/postgres/mock_Beginner.go:32.24,34.4 1 0
github.com/viebiz/lit/postgres/mock_Beginner.go:37.2,37.45 1 0
github.com/viebiz/lit/postgres/mock_Beginner.go:37.45,39.3 1 0
github.com/viebiz/lit/postgres/mock_Beginner.go:39.8,41.3 1 0
github.com/viebiz/lit/postgres/mock_Beginner.go:43.2,43.15 1 0
github.com/viebiz/lit/postgres/mock_Beginner.go:51.18,55.19 3 0
github.com/viebiz/lit/postgres/mock_Beginner.go:55.19,55.49 1 0
github.com/viebiz/lit/postgres/mock_Beginner.go:57.2,57.13 1 0
github.com/viebiz/lit/postgres/mock_ContextBeginner.go:18.98,21.19 2 0
github.com/viebiz/lit/postgres/mock_ContextBeginner.go:21.19,22.49 1 0
github.com/viebiz/lit/postgres/mock_ContextBeginner.go:25.2,27.87 3 0
github.com/viebiz/lit/postgres/mock_ContextBeginner.go:27.87,29.3 1 0
github.com/viebiz/lit/postgres/mock_ContextBeginner.go:30.2,30.78 1 0
github.com/viebiz/lit/postgres/mock_ContextBeginner.go:30.78,32.3 1 0
github.com/viebiz/lit/postgres/mock_ContextBeginner.go:32.8,33.24 1 0
github.com/viebiz/lit/postgres/mock_ContextBeginner.go:33.24,35.4 1 0
github.com/viebiz/lit/postgres/mock_ContextBeginner.go:38.2,38.76 1 0
github.com/viebiz/lit/postgres/mock_ContextBeginner.go:38.76,40.3 1 0
github.com/viebiz/lit/postgres/mock_ContextBeginner.go:40.8,42.3 1 0
github.com/viebiz/lit/postgres/mock_ContextBeginner.go:44.2,44.15 1 0
github.com/viebiz/lit/postgres/mock_ContextBeginner.go:48.92,54.19 5 0
github.com/viebiz/lit/postgres/mock_ContextBeginner.go:54.19,55.46 1 0
github.com/viebiz/lit/postgres/mock_ContextBeginner.go:58.2,60.81 3 0
github.com/viebiz/lit/postgres/mock_ContextBeginner.go:60.81,62.3 1 0
github.com/viebiz/lit/postgres/mock_ContextBeginner.go:63.2,63.72 1 0
github.com/viebiz/lit/postgres/mock_ContextBeginner.go:63.72,65.3 1 0
github.com/viebiz/lit/postgres/mock_ContextBeginner.go:65.8,66.24 1 0
github.com/viebiz/lit/postgres/mock_ContextBeginner.go:66.24,68.4 1 0
github.com/viebiz/lit/postgres/mock_ContextBeginner.go:71.2,71.67 1 0
github.com/viebiz/lit/postgres/mock_ContextBeginner.go:71.67,73.3 1 0
github.com/viebiz/lit/postgres/mock_ContextBeginner.go:73.8,75.3 1 0
github.com/viebiz/lit/postgres/mock_ContextBeginner.go:77.2,77.15 1 0
github.com/viebiz/lit/postgres/mock_ContextBeginner.go:81.120,87.19 5 0
github.com/viebiz/lit/postgres/mock_ContextBeginner.go:87.19,88.53 1 0
github.com/viebiz/lit/postgres/mock_ContextBeginner.go:91.2,93.98 3 0
github.com/viebiz/lit/postgres/mock_ContextBeginner.go:93.98,95.3 1 0
github.com/viebiz/lit/postgres/mock_ContextBeginner.go:96.2,96.89 1 0
github.com/viebiz/lit/postgres/mock_ContextBeginner.go:96.89,98.3 1 0
github.com/viebiz/lit/postgres/mock_ContextBeginner.go:98.8,99.24 1 0
github.com/viebiz/lit/postgres/mock_ContextBeginner.go:99.24,101.4 1 0
github.com/viebiz/lit/postgres/mock_ContextBeginner.go:104.2,104.84 1 0
github.com/viebiz/lit/postgres/mock_ContextBeginner.go:104.84,106.3 1 0
github.com/viebiz/lit/postgres/mock_ContextBeginner.go:106.8,108.3 1 0
github.com/viebiz/lit/postgres/mock_ContextBeginner.go:110.2,110.15 1 0
github.com/viebiz/lit/postgres/mock_ContextBeginner.go:114.73,117.19 2 0
github.com/viebiz/lit/postgres/mock_ContextBeginner.go:117.19,118.49 1 0
github.com/viebiz/lit/postgres/mock_ContextBeginner.go:121.2,123.64 3 0
github.com/viebiz/lit/postgres/mock_ContextBeginner.go:123.64,125.3 1 0
github.com/viebiz/lit/postgres/mock_ContextBeginner.go:126.2,126.55 1 0
github.com/viebiz/lit/postgres/mock_ContextBeginner.go:126.55,128.3 1 0
github.com/viebiz/lit/postgres/mock_ContextBeginner.go:128.8,129.24 1 0
github.com/viebiz/lit/postgres/mock_ContextBeginner.go:129.24,131.4 1 0
github.com/viebiz/lit/postgres/mock_ContextBeginner.go:134.2,134.51 1 0
github.com/viebiz/lit/postgres/mock_ContextBeginner.go:134.51,136.3 1 0
github.com/viebiz/lit/postgres/mock_ContextBeginner.go:136.8,138.3 1 0
github.com/viebiz/lit/postgres/mock_ContextBeginner.go:140.2,140.15 1 0
github.com/viebiz/lit/postgres/mock_ContextBeginner.go:144.101,147.19 2 0
github.com/viebiz/lit/postgres/mock_ContextBeginner.go:147.19,148.56 1 0
github.com/viebiz/lit/postgres/mock_ContextBeginner.go:151.2,153.81 3 0
github.com/viebiz/lit/postgres/mock_ContextBeginner.go:153.81,155.3 1 0
github.com/viebiz/lit/postgres/mock_ContextBeginner.go:156.2,156.72 1 0
github.com/viebiz/lit/postgres/mock_ContextBeginner.go:156.72,158.3 1 0
github.com/viebiz/lit/postgres/mock_ContextBeginner.go:158.8,159.24 1 0
github.com/viebiz/lit/postgres/mock_ContextBeginner.go:159.24,161.4 1 0
github.com/viebiz/lit/postgres/mock_ContextBeginner.go:164.2,164.68 1 0
github.com/viebiz/lit/postgres/mock_ContextBeginner.go:164.68,166.3 1 0
github.com/viebiz/lit/postgres/mock_ContextBeginner.go:166.8,168.3 1 0
github.com/viebiz/lit/postgres/mock_ContextBeginner.go:170.2,170.15 1 0
github.com/viebiz/lit/postgres/mock_ContextBeginner.go:174.92,180.19 5 0
github.com/viebiz/lit/postgres/mock_ContextBeginner.go:180.19,181.47 1 0
github.com/viebiz/lit/postgres/mock_ContextBeginner.go:184.2,186.80 3 0
github.com/viebiz/lit/postgres/mock_ContextBeginner.go:186.80,188.3 1 0
github.com/viebiz/lit/postgres/mock_ContextBeginner.go:189.2,189.71 1 0
github.com/viebiz/lit/postgres/mock_ContextBeginner.go:189.71,191.3 1 0
github.com/viebiz/lit/postgres/mock_ContextBeginner.go:191.8,192.24 1 0
github.com/viebiz/lit/postgres/mock_ContextBeginner.go:192.24,194.4 1 0
github.com/viebiz/lit/postgres/mock_ContextBeginner.go:197.2,197.67 1 0
github.com/viebiz/lit/postgres/mock_ContextBeginner.go:197.67,199.3 1 0
github.com/viebiz/lit/postgres/mock_ContextBeginner.go:199.8,201.3 1 0
github.com/viebiz/lit/postgres/mock_ContextBeginner.go:203.2,203.15 1 0
github.com/viebiz/lit/postgres/mock_ContextBeginner.go:207.120,213.19 5 0
github.com/viebiz/lit/postgres/mock_ContextBeginner.go:213.19,214.54 1 0
github.com/viebiz/lit/postgres/mock_ContextBeginner.go:217.2,219.97 3 0
github.com/viebiz/lit/postgres/mock_ContextBeginner.go:219.97,221.3 1 0
github.com/viebiz/lit/postgres/mock_ContextBeginner.go:222.2,222.88 1 0
github.com/viebiz/lit/postgres/mock_ContextBeginner.go:222.88,224.3 1 0
github.com/viebiz/lit/postgres/mock_ContextBeginner.go:224.8,225.24 1 0
github.com/viebiz/lit/postgres/mock_ContextBeginner.go:225.24,227.4 1 0
github.com/viebiz/lit/postgres/mock_ContextBeginner.go:230.2,230.84 1 0
github.com/viebiz/lit/postgres/mock_ContextBeginner.go:230.84,232.3 1 0
github.com/viebiz/lit/postgres/mock_ContextBeginner.go:232.8,234.3 1 0
github.com/viebiz/lit/postgres/mock_ContextBeginner.go:236.2,236.15 1 0
github.com/viebiz/lit/postgres/mock_ContextBeginner.go:240.85,246.19 5 0
github.com/viebiz/lit/postgres/mock_ContextBeginner.go:246.19,247.50 1 0
github.com/viebiz/lit/postgres/mock_ContextBeginner.go:250.2,251.70 2 0
github.com/viebiz/lit/postgres/mock_ContextBeginner.go:251.70,253.3 1 0
github.com/viebiz/lit/postgres/mock_ContextBeginner.go:253.8,254.24 1 0
github.com/viebiz/lit/postgres/mock_ContextBeginner.go:254.24,256.4 1 0
github.com/viebiz/lit/postgres/mock_ContextBeginner.go:259.2,259.11 1 0
github.com/viebiz/lit/postgres/mock_ContextBeginner.go:263.113,269.19 5 0
github.com/viebiz/lit/postgres/mock_ContextBeginner.go:269.19,270.57 1 0
github.com/viebiz/lit/postgres/mock_ContextBeginner.go:273.2,274.87 2 0
github.com/viebiz/lit/postgres/mock_ContextBeginner.go:274.87,276.3 1 0
github.com/viebiz/lit/postgres/mock_ContextBeginner.go:276.8,277.24 1 0
github.com/viebiz/lit/postgres/mock_ContextBeginner.go:277.24,279.4 1 0
github.com/viebiz/lit/postgres/mock_ContextBeginner.go:282.2,282.11 1 0
github.com/viebiz/lit/postgres/mock_ContextBeginner.go:290.25,294.19 3 0
github.com/viebiz/lit/postgres/mock_ContextBeginner.go:294.19,294.49 1 0
github.com/viebiz/lit/postgres/mock_ContextBeginner.go:296.2,296.13 1 0
github.com/viebiz/lit/postgres/mock_ContextExecutor.go:18.92,24.19 5 0
github.com/viebiz/lit/postgres/mock_ContextExecutor.go:24.19,25.46 1 0
github.com/viebiz/lit/postgres/mock_ContextExecutor.go:28.2,30.81 3 0
github.com/viebiz/lit/postgres/mock_ContextExecutor.go:30.81,32.3 1 0
github.com/viebiz/lit/postgres/mock_ContextExecutor.go:33.2,33.72 1 0
github.com/viebiz/lit/postgres/mock_ContextExecutor.go:33.72,35.3 1 0
github.com/viebiz/lit/postgres/mock_ContextExecutor.go:35.8,36.24 1 0
github.com/viebiz/lit/postgres/mock_ContextExecutor.go:36.24,38.4 1 0
github.com/viebiz/lit/postgres/mock_ContextExecutor.go:41.2,41.67 1 0
github.com/viebiz/lit/postgres/mock_ContextExecutor.go:41.67,43.3 1 0
github.com/viebiz/lit/postgres/mock_ContextExecutor.go:43.8,45.3 1 0
github.com/viebiz/lit/postgres/mock_ContextExecutor.go:47.2,47.15 1 0
github.com/viebiz/lit/postgres/mock_ContextExecutor.go:51.120,57.19 5 0
github.com/viebiz/lit/postgres/mock_ContextExecutor.go:57.19,58.53 1 0
github.com/viebiz/lit/postgres/mock_ContextExecutor.go:61.2,63.98 3 0
github.com/viebiz/lit/postgres/mock_ContextExecutor.go:63.98,65.3 1 0
github.com/viebiz/lit/postgres/mock_ContextExecutor.go:66.2,66.89 1 0
github.com/viebiz/lit/postgres/mock_ContextExecutor.go:66.89,68.3 1 0
github.com/viebiz/lit/postgres/mock_ContextExecutor.go:68.8,69.24 1 0
github.com/viebiz/lit/postgres/mock_ContextExecutor.go:69.24,71.4 1 0
github.com/viebiz/lit/postgres/mock_ContextExecutor.go:74.2,74.84 1 0
github.com/viebiz/lit/postgres/mock_ContextExecutor.go:74.84,76.3 1 0
github.com/viebiz/lit/postgres/mock_ContextExecutor.go:76.8,78.3 1 0
github.com/viebiz/lit/postgres/mock_ContextExecutor.go:80.2,80.15 1 0
github.com/viebiz/lit/postgres/mock_ContextExecutor.go:84.73,87.19 2 0
github.com/viebiz/lit/postgres/mock_ContextExecutor.go:87.19,88.49 1 0
github.com/viebiz/lit/postgres/mock_ContextExecutor.go:91.2,93.64 3 0
github.com/viebiz/lit/postgres/mock_ContextExecutor.go:93.64,95.3 1 0
github.com/viebiz/lit/postgres/mock_ContextExecutor.go:96.2,96.55 1 0
github.com/viebiz/lit/postgres/mock_ContextExecutor.go:96.55,98.3 1 0
github.com/viebiz/lit/postgres/mock_ContextExecutor.go:98.8,99.24 1 0
github.com/viebiz/lit/postgres/mock_ContextExecutor.go:99.24,101.4 1 0
github.com/viebiz/lit/postgres/mock_ContextExecutor.go:104.2,104.51 1 0
github.com/viebiz/lit/postgres/mock_ContextExecutor.go:104.51,106.3 1 0
github.com/viebiz/lit/postgres/mock_ContextExecutor.go:106.8,108.3 1 0
github.com/viebiz/lit/postgres/mock_ContextExecutor.go:110.2,110.15 1 0
github.com/viebiz/lit/postgres/mock_ContextExecutor.go:114.101,117.19 2 0
github.com/viebiz/lit/postgres/mock_ContextExecutor.go:117.19,118.56 1 0
github.com/viebiz/lit/postgres/mock_ContextExecutor.go:121.2,123.81 3 0
github.com/viebiz/lit/postgres/mock_ContextExecutor.go:123.81,125.3 1 0
github.com/viebiz/lit/postgres/mock_ContextExecutor.go:126.2,126.72 1 0
github.com/viebiz/lit/postgres/mock_ContextExecutor.go:126.72,128.3 1 0
github.com/viebiz/lit/postgres/mock_ContextExecutor.go:128.8,129.24 1 0
github.com/viebiz/lit/postgres/mock_ContextExecutor.go:129.24,131.4 1 0
github.com/viebiz/lit/postgres/mock_ContextExecutor.go:134.2,134.68 1 0
github.com/viebiz/lit/postgres/mock_ContextExecutor.go:134.68,136.3 1 0
github.com/viebiz/lit/postgres/mock_ContextExecutor.go:136.8,138.3 1 0
github.com/viebiz/lit/postgres/mock_ContextExecutor.go:140.2,140.15 1 0
github.com/viebiz/lit/postgres/mock_ContextExecutor.go:144.92,150.19 5 0
github.com/viebiz/lit/postgres/mock_ContextExecutor.go:150.19,151.47 1 0
github.com/viebiz/lit/postgres/mock_ContextExecutor.go:154.2,156.80 3 0
github.com/viebiz/lit/postgres/mock_ContextExecutor.go:156.80,158.3 1 0
github.com/viebiz/lit/postgres/mock_ContextExecutor.go:159.2,159.71 1 0
github.com/viebiz/lit/postgres/mock_ContextExecutor.go:159.71,161.3 1 0
github.com/viebiz/lit/postgres/mock_ContextExecutor.go:161.8,162.24 1 0
github.com/viebiz/lit/postgres/mock_ContextExecutor.go:162.24,164.4 1 0
github.com/viebiz/lit/postgres/mock_ContextExecutor.go:167.2,167.67 1 0
github.com/viebiz/lit/postgres/mock_ContextExecutor.go:167.67,169.3 1 0
github.com/viebiz/lit/postgres/mock_ContextExecutor.go:169.8,171.3 1 0
github.com/viebiz/lit/postgres/mock_ContextExecutor.go:173.2,173.15 1 0
github.com/viebiz/lit/postgres/mock_ContextExecutor.go:177.120,183.19 5 0
github.com/viebiz/lit/postgres/mock_ContextExecutor.go:183.19,184.54 1 0
github.com/viebiz/lit/postgres/mock_ContextExecutor.go:187.2,189.97 3 0
github.com/viebiz/lit/postgres/mock_ContextExecutor.go:189.97,191.3 1 0
github.com/viebiz/lit/postgres/mock_ContextExecutor.go:192.2,192.88 1 0
github.com/viebiz/lit/postgres/mock_ContextExecutor.go:192.88,194.3 1 0
github.com/viebiz/lit/postgres/mock_ContextExecutor.go:194.8,195.24 1 0
github.com/viebiz/lit/postgres/mock_ContextExecutor.go:195.24,197.4 1 0
github.com/viebiz/lit/postgres/mock_ContextExecutor.go:200.2,200.84 1 0
github.com/viebiz/lit/postgres/mock_ContextExecutor.go:200.84,202.3 1 0
github.com/viebiz/lit/postgres/mock_ContextExecutor.go:202.8,204.3 1 0
github.com/viebiz/lit/postgres/mock_ContextExecutor.go:206.2,206.15 1 0
github.com/viebiz/lit/postgres/mock_ContextExecutor.go:210.85,216.19 5 0
github.com/viebiz/lit/postgres/mock_ContextExecutor.go:216.19,217.50 1 0
github.com/viebiz/lit/postgres/mock_ContextExecutor.go:220.2,221.70 2 0
github.com/viebiz/lit/postgres/mock_ContextExecutor.go:221.70,223.3 1 0
github.com/viebiz/lit/postgres/mock_ContextExecutor.go:223.8,224.24 1 0
github.com/viebiz/lit/postgres/mock_ContextExecutor.go:224.24,226.4 1 0
github.com/viebiz/lit/postgres/mock_ContextExecutor.go:229.2,229.11 1 0
github.com/viebiz/lit/postgres/mock_ContextExecutor.go:233.113,239.19 5 0
github.com/viebiz/lit/postgres/mock_ContextExecutor.go:239.19,240.57 1 0
github.com/viebiz/lit/postgres/mock_ContextExecutor.go:243.2,244.87 2 0
github.com/viebiz/lit/postgres/mock_ContextExecutor.go:244.87,246.3 1 0
github.com/viebiz/lit/postgres/mock_ContextExecutor.go:246.8,247.24 1 0
github.com/viebiz/lit/postgres/mock_ContextExecutor.go:247.24,249.4 1 0
github.com/viebiz/lit/postgres/mock_ContextExecutor.go:252.2,252.11 1 0
github.com/viebiz/lit/postgres/mock_ContextExecutor.go:260.25,264.19 3 0
github.com/viebiz/lit/postgres/mock_ContextExecutor.go:264.19,264.49 1 0
github.com/viebiz/lit/postgres/mock_ContextExecutor.go:266.2,266.13 1 0
github.com/viebiz/lit/postgres/mock_ContextTransactor.go:18.49,21.19 2 0
github.com/viebiz/lit/postgres/mock_ContextTransactor.go:21.19,22.48 1 0
github.com/viebiz/lit/postgres/mock_ContextTransactor.go:25.2,26.45 2 0
github.com/viebiz/lit/postgres/mock_ContextTransactor.go:26.45,28.3 1 0
github.com/viebiz/lit/postgres/mock_ContextTransactor.go:28.8,30.3 1 0
github.com/viebiz/lit/postgres/mock_ContextTransactor.go:32.2,32.11 1 0
github.com/viebiz/lit/postgres/mock_ContextTransactor.go:36.94,42.19 5 0
github.com/viebiz/lit/postgres/mock_ContextTransactor.go:42.19,43.46 1 0
github.com/viebiz/lit/postgres/mock_ContextTransactor.go:46.2,48.81 3 0
github.com/viebiz/lit/postgres/mock_ContextTransactor.go:48.81,50.3 1 0
github.com/viebiz/lit/postgres/mock_ContextTransactor.go:51.2,51.72 1 0
github.com/viebiz/lit/postgres/mock_ContextTransactor.go:51.72,53.3 1 0
github.com/viebiz/lit/postgres/mock_ContextTransactor.go:53.8,54.24 1 0
github.com/viebiz/lit/postgres/mock_ContextTransactor.go:54.24,56.4 1 0
github.com/viebiz/lit/postgres/mock_ContextTransactor.go:59.2,59.67 1 0
github.com/viebiz/lit/postgres/mock_ContextTransactor.go:59.67,61.3 1 0
github.com/viebiz/lit/postgres/mock_ContextTransactor.go:61.8,63.3 1 0
github.com/viebiz/lit/postgres/mock_ContextTransactor.go:65.2,65.15 1 0
github.com/viebiz/lit/postgres/mock_ContextTransactor.go:69.122,75.19 5 0
github.com/viebiz/lit/postgres/mock_ContextTransactor.go:75.19,76.53 1 0
github.com/viebiz/lit/postgres/mock_ContextTransactor.go:79.2,81.98 3 0
github.com/viebiz/lit/postgres/mock_ContextTransactor.go:81.98,83.3 1 0
github.com/viebiz/lit/postgres/mock_ContextTransactor.go:84.2,84.89 1 0
github.com/viebiz/lit/postgres/mock_ContextTransactor.go:84.89,86.3 1 0
github.com/viebiz/lit/postgres/mock_ContextTransactor.go:86.8,87.24 1 0
github.com/viebiz/lit/postgres/mock_ContextTransactor.go:87.24,89.4 1 0
github.com/viebiz/lit/postgres/mock_ContextTransactor.go:92.2,92.84 1 0
github.com/viebiz/lit/postgres/mock_ContextTransactor.go:92.84,94.3 1 0
github.com/viebiz/lit/postgres/mock_ContextTransactor.go:94.8,96.3 1 0
github.com/viebiz/lit/postgres/mock_ContextTransactor.go:98.2,98.15 1 0
github.com/viebiz/lit/postgres/mock_ContextTransactor.go:102.75,105.19 2 0
github.com/viebiz/lit/postgres/mock_ContextTransactor.go:105.19,106.49 1 0
github.com/viebiz/lit/postgres/mock_ContextTransactor.go:109.2,111.64 3 0
github.com/viebiz/lit/postgres/mock_ContextTransactor.go:111.64,113.3 1 0
github.com/viebiz/lit/postgres/mock_ContextTransactor.go:114.2,114.55 1 0
github.com/viebiz/lit/postgres/mock_ContextTransactor.go:114.55,116.3 1 0
github.com/viebiz/lit/postgres/mock_ContextTransactor.go:116.8,117.24 1 0
github.com/viebiz/lit/postgres/mock_ContextTransactor.go:117.24,119.4 1 0
github.com/viebiz/lit/postgres/mock_ContextTransactor.go:122.2,122.51 1 0
github.com/viebiz/lit/postgres/mock_ContextTransactor.go:122.51,124.3 1 0
github.com/viebiz/lit/postgres/mock_ContextTransactor.go:124.8,126.3 1 0
github.com/viebiz/lit/postgres/mock_ContextTransactor.go:128.2,128.15 1 0
github.com/viebiz/lit/postgres/mock_ContextTransactor.go:132.103,135.19 2 0
github.com/viebiz/lit/postgres/mock_ContextTransactor.go:135.19,136.56 1 0
github.com/viebiz/lit/postgres/mock_ContextTransactor.go:139.2,141.81 3 0
github.com/viebiz/lit/postgres/mock_ContextTransactor.go:141.81,143.3 1 0
github.com/viebiz/lit/postgres/mock_ContextTransactor.go:144.2,144.72 1 0
github.com/viebiz/lit/postgres/mock_ContextTransactor.go:144.72,146.3 1 0
github.com/viebiz/lit/postgres/mock_ContextTransactor.go:146.8,147.24 1 0
github.com/viebiz/lit/postgres/mock_ContextTransactor.go:147.24,149.4 1 0
github.com/viebiz/lit/postgres/mock_ContextTransactor.go:152.2,152.68 1 0
github.com/viebiz/lit/postgres/mock_ContextTransactor.go:152.68,154.3 1 0
github.com/viebiz/lit/postgres/mock_ContextTransactor.go:154.8,156.3 1 0
github.com/viebiz/lit/postgres/mock_ContextTransactor.go:158.2,158.15 1 0
github.com/viebiz/lit/postgres/mock_ContextTransactor.go:162.94,168.19 5 0
github.com/viebiz/lit/postgres/mock_ContextTransactor.go:168.19,169.47 1 0
github.com/viebiz/lit/postgres/mock_ContextTransactor.go:172.2,174.80 3 0
github.com/viebiz/lit/postgres/mock_ContextTransactor.go:174.80,176.3 1 0
github.com/viebiz/lit/postgres/mock_ContextTransactor.go:177.2,177.71 1 0
github.com/viebiz/lit/postgres/mock_ContextTransactor.go:177.71,179.3 1 0
github.com/viebiz/lit/postgres/mock_ContextTransactor.go:179.8,180.24 1 0
github.com/viebiz/lit/postgres/mock_ContextTransactor.go:180.24,182.4 1 0
github.com/viebiz/lit/postgres/mock_ContextTransactor.go:185.2,185.67 1 0
github.com/viebiz/lit/postgres/mock_ContextTransactor.go:185.67,187.3 1 0
github.com/viebiz/lit/postgres/mock_ContextTransactor.go:187.8,189.3 1 0
github.com/viebiz/lit/postgres/mock_ContextTransactor.go:191.2,191.15 1 0
github.com/viebiz/lit/postgres/mock_ContextTransactor.go:195.122,201.19 5 0
github.com/viebiz/lit/postgres/mock_ContextTransactor.go:201.19,202.54 1 0
github.com/viebiz/lit/postgres/mock_ContextTransactor.go:205.2,207.97 3 0
github.com/viebiz/lit/postgres/mock_ContextTransactor.go:207.97,209.3 1 0
github.com/viebiz/lit/postgres/mock_ContextTransactor.go:210.2,210.88 1 0
github.com/viebiz/lit/postgres/mock_ContextTransactor.go:210.88,212.3 1 0
github.com/viebiz/lit/postgres/mock_ContextTransactor.go:212.8,213.24 1 0
github.com/viebiz/lit/postgres/mock_ContextTransactor.go:213.24,215.4 1 0
github.com/viebiz/lit/postgres/mock_ContextTransactor.go:218.2,218.84 1 0
github.com/viebiz/lit/postgres/mock_ContextTransactor.go:218.84,220.3 1 0
github.com/viebiz/lit/postgres/mock_ContextTransactor.go:220.8,222.3 1 0
github.com/viebiz/lit/postgres/mock_ContextTransactor.go:224.2,224.15 1 0
github.com/viebiz/lit/postgres/mock_ContextTransactor.go:228.87,234.19 5 0
github.com/viebiz/lit/postgres/mock_ContextTransactor.go:234.19,235.50 1 0
github.com/viebiz/lit/postgres/mock_ContextTransactor.go:238.2,239.70 2 0
github.com/viebiz/lit/postgres/mock_ContextTransactor.go:239.70,241.3 1 0
github.com/viebiz/lit/postgres/mock_ContextTransactor.go:241.8,242.24 1 0
github.com/viebiz/lit/postgres/mock_ContextTransactor.go:242.24,244.4 1 0
github.com/viebiz/lit/postgres/mock_ContextTransactor.go:247.2,247.11 1 0
github.com/viebiz/lit/postgres/mock_ContextTransactor.go:251.115,257.19 5 0
github.com/viebiz/lit/postgres/mock_ContextTransactor.go:257.19,258.57 1 0
github.com/viebiz/lit/postgres/mock_ContextTransactor.go:261.2,262.87 2 0
github.com/viebiz/lit/postgres/mock_ContextTransactor.go:262.87,264.3 1 0
github.com/viebiz/lit/postgres/mock_ContextTransactor.go:264.8,265.24 1 0
github.com/viebiz/lit/postgres/mock_ContextTransactor.go:265.24,267.4 1 0
github.com/viebiz/lit/postgres/mock_ContextTransactor.go:270.2,270.11 1 0
github.com/viebiz/lit/postgres/mock_ContextTransactor.go:274.51,277.19 2 0
github.com/viebiz/lit/postgres/mock_ContextTransactor.go:277.19,278.50 1 0
github.com/viebiz/lit/postgres/mock_ContextTransactor.go:281.2,282.45 2 0
github.com/viebiz/lit/postgres/mock_ContextTransactor.go:282.45,284.3 1 0
github.com/viebiz/lit/postgres/mock_ContextTransactor.go:284.8,286.3 1 0
github.com/viebiz/lit/postgres/mock_ContextTransactor.go:288.2,288.11 1 0
github.com/viebiz/lit/postgres/mock_ContextTransactor.go:296.27,300.19 3 0
github.com/viebiz/lit/postgres/mock_ContextTransactor.go:300.19,300.49 1 0
github.com/viebiz/lit/postgres/mock_ContextTransactor.go:302.2,302.13 1 0
github.com/viebiz/lit/postgres/mock_Executor.go:17.85,23.19 5 0
github.com/viebiz/lit/postgres/mock_Executor.go:23.19,24.46 1 0
github.com/viebiz/lit/postgres/mock_Executor.go:27.2,29.81 3 0
github.com/viebiz/lit/postgres/mock_Executor.go:29.81,31.3 1 0
github.com/viebiz/lit/postgres/mock_Executor.go:32.2,32.72 1 0
github.com/viebiz/lit/postgres/mock_Executor.go:32.72,34.3 1 0
github.com/viebiz/lit/postgres/mock_Executor.go:34.8,35.24 1 0
github.com/viebiz/lit/postgres/mock_Executor.go:35.24,37.4 1 0
github.com/viebiz/lit/postgres/mock_Executor.go:40.2,40.67 1 0
github.com/viebiz/lit/postgres/mock_Executor.go:40.67,42.3 1 0
github.com/viebiz/lit/postgres/mock_Executor.go:42.8,44.3 1 0
github.com/viebiz/lit/postgres/mock_Executor.go:46.2,46.15 1 0
github.com/viebiz/lit/postgres/mock_Executor.go:50.66,53.19 2 0
github.com/viebiz/lit/postgres/mock_Executor.go:53.19,54.49 1 0
github.com/viebiz/lit/postgres/mock_Executor.go:57.2,59.64 3 0
github.com/viebiz/lit/postgres/mock_Executor.go:59.64,61.3 1 0
github.com/viebiz/lit/postgres/mock_Executor.go:62.2,62.55 1 0
github.com/viebiz/lit/postgres/mock_Executor.go:62.55,64.3 1 0
github.com/viebiz/lit/postgres/mock_Executor.go:64.8,65.24 1 0
github.com/viebiz/lit/postgres/mock_Executor.go:65.24,67.4 1 0
github.com/viebiz/lit/postgres/mock_Executor.go:70.2,70.51 1 0
github.com/viebiz/lit/postgres/mock_Executor.go:70.51,72.3 1 0
github.com/viebiz/lit/postgres/mock_Executor.go:72.8,74.3 1 0
github.com/viebiz/lit/postgres/mock_Executor.go:76.2,76.15 1 0
github.com/viebiz/lit/postgres/mock_Executor.go:80.85,86.19 5 0
github.com/viebiz/lit/postgres/mock_Executor.go:86.19,87.47 1 0
github.com/viebiz/lit/postgres/mock_Executor.go:90.2,92.80 3 0
github.com/viebiz/lit/postgres/mock_Executor.go:92.80,94.3 1 0
github.com/viebiz/lit/postgres/mock_Executor.go:95.2,95.71 1 0
github.com/viebiz/lit/postgres/mock_Executor.go:95.71,97.3 1 0
github.com/viebiz/lit/postgres/mock_Executor.go:97.8,98.24 1 0
github.com/viebiz/lit/postgres/mock_Executor.go:98.24,100.4 1 0
github.com/viebiz/lit/postgres/mock_Executor.go:103.2,103.67 1 0
github.com/viebiz/lit/postgres/mock_Executor.go:103.67,105.3 1 0
github.com/viebiz/lit/postgres/mock_Executor.go:105.8,107.3 1 0
github.com/viebiz/lit/postgres/mock_Executor.go:109.2,109.15 1 0
github.com/viebiz/lit/postgres/mock_Executor.go:113.78,119.19 5 0
github.com/viebiz/lit/postgres/mock_Executor.go:119.19,120.50 1 0
github.com/viebiz/lit/postgres/mock_Executor.go:123.2,124.70 2 0
github.com/viebiz/lit/postgres/mock_Executor.go:124.70,126.3 1 0
github.com/viebiz/lit/postgres/mock_Executor.go:126.8,127.24 1 0
github.com/viebiz/lit/postgres/mock_Executor.go:127.24,129.4 1 0
github.com/viebiz/lit/postgres/mock_Executor.go:132.2,132.11 1 0
github.com/viebiz/lit/postgres/mock_Executor.go:140.18,144.19 3 0
github.com/viebiz/lit/postgres/mock_Executor.go:144.19,144.49 1 0
github.com/viebiz/lit/postgres/mock_Executor.go:146.2,146.13 1 0
github.com/viebiz/lit/postgres/mock_Transactor.go:17.42,20.19 2 0
github.com/viebiz/lit/postgres/mock_Transactor.go:20.19,21.48 1 0
github.com/viebiz/lit/postgres/mock_Transactor.go:24.2,25.45 2 0
github.com/viebiz/lit/postgres/mock_Transactor.go:25.45,27.3 1 0
github.com/viebiz/lit/postgres/mock_Transactor.go:27.8,29.3 1 0
github.com/viebiz/lit/postgres/mock_Transactor.go:31.2,31.11 1 0
github.com/viebiz/lit/postgres/mock_Transactor.go:35.87,41.19 5 0
github.com/viebiz/lit/postgres/mock_Transactor.go:41.19,42.46 1 0
github.com/viebiz/lit/postgres/mock_Transactor.go:45.2,47.81 3 0
github.com/viebiz/lit/postgres/mock_Transactor.go:47.81,49.3 1 0
github.com/viebiz/lit/postgres/mock_Transactor.go:50.2,50.72 1 0
github.com/viebiz/lit/postgres/mock_Transactor.go:50.72,52.3 1 0
github.com/viebiz/lit/postgres/mock_Transactor.go:52.8,53.24 1 0
github.com/viebiz/lit/postgres/mock_Transactor.go:53.24,55.4 1 0
github.com/viebiz/lit/postgres/mock_Transactor.go:58.2,58.67 1 0
github.com/viebiz/lit/postgres/mock_Transactor.go:58.67,60.3 1 0
github.com/viebiz/lit/postgres/mock_Transactor.go:60.8,62.3 1 0
github.com/viebiz/lit/postgres/mock_Transactor.go:64.2,64.15 1 0
github.com/viebiz/lit/postgres/mock_Transactor.go:68.68,71.19 2 0
github.com/viebiz/lit/postgres/mock_Transactor.go:71.19,72.49 1 0
github.com/viebiz/lit/postgres/mock_Transactor.go:75.2,77.64 3 0
github.com/viebiz/lit/postgres/mock_Transactor.go:77.64,79.3 1 0
github.com/viebiz/lit/postgres/mock_Transactor.go:80.2,80.55 1 0
github.com/viebiz/lit/postgres/mock_Transactor.go:80.55,82.3 1 0
github.com/viebiz/lit/postgres/mock_Transactor.go:82.8,83.24 1 0
github.com/viebiz/lit/postgres/mock_Transactor.go:83.24,85.4 1 0
github.com/viebiz/lit/postgres/mock_Transactor.go:88.2,88.51 1 0
github.com/viebiz/lit/postgres/mock_Transactor.go:88.51,90.3 1 0
github.com/viebiz/lit/postgres/mock_Transactor.go:90.8,92.3 1 0
github.com/viebiz/lit/postgres/mock_Transactor.go:94.2,94.15 1 0
github.com/viebiz/lit/postgres/mock_Transactor.go:98.87,104.19 5 0
github.com/viebiz/lit/postgres/mock_Transactor.go:104.19,105.47 1 0
github.com/viebiz/lit/postgres/mock_Transactor.go:108.2,110.80 3 0
github.com/viebiz/lit/postgres/mock_Transactor.go:110.80,112.3 1 0
github.com/viebiz/lit/postgres/mock_Transactor.go:113.2,113.71 1 0
github.com/viebiz/lit/postgres/mock_Transactor.go:113.71,115.3 1 0
github.com/viebiz/lit/postgres/mock_Transactor.go:115.8,116.24 1 0
github.com/viebiz/lit/postgres/mock_Transactor.go:116.24,118.4 1 0
github.com/viebiz/lit/postgres/mock_Transactor.go:121.2,121.67 1 0
github.com/viebiz/lit/postgres/mock_Transactor.go:121.67,123.3 1 0
github.com/viebiz/lit/postgres/mock_Transactor.go:123.8,125.3 1 0
github.com/viebiz/lit/postgres/mock_Transactor.go:127.2,127.15 1 0
github.com/viebiz/lit/postgres/mock_Transactor.go:131.80,137.19 5 0
github.com/viebiz/lit/postgres/mock_Transactor.go:137.19,138.50 1 0
github.com/viebiz/lit/postgres/mock_Transactor.go:141.2,142.70 2 0
github.com/viebiz/lit/postgres/mock_Transactor.go:142.70,144.3 1 0
github.com/viebiz/lit/postgres/mock_Transactor.go:144.8,145.24 1 0
github.com/viebiz/lit/postgres/mock_Transactor.go:145.24,147.4 1 0
github.com/viebiz/lit/postgres/mock_Transactor.go:150.2,150.11 1 0
github.com/viebiz/lit/postgres/mock_Transactor.go:154.44,157.19 2 0
github.com/viebiz/lit/postgres/mock_Transactor.go:157.19,158.50 1 0
github.com/viebiz/lit/postgres/mock_Transactor.go:161.2,162.45 2 0
github.com/viebiz/lit/postgres/mock_Transactor.go:162.45,164.3 1 0
github.com/viebiz/lit/postgres/mock_Transactor.go:164.8,166.3 1 0
github.com/viebiz/lit/postgres/mock_Transactor.go:168.2,168.11 1 0
github.com/viebiz/lit/postgres/mock_Transactor.go:176.20,180.19 3 0
github.com/viebiz/lit/postgres/mock_Transactor.go:180.19,180.49 1 0
github.com/viebiz/lit/postgres/mock_Transactor.go:182.2,182.13 1 0
github.com/viebiz/lit/monitoring/otel/constants.go:11.40,13.2 1 0
github.com/viebiz/lit/monitoring/otel/constants.go:15.39,17.2 1 0
github.com/viebiz/lit/monitoring/otel/exporter.go:22.32,24.12 2 0
github.com/viebiz/lit/monitoring/otel/exporter.go:24.12,26.3 1 0
github.com/viebiz/lit/monitoring/otel/exporter.go:28.2,29.16 2 0
github.com/viebiz/lit/monitoring/otel/exporter.go:29.16,31.3 1 0
github.com/viebiz/lit/monitoring/otel/exporter.go:33.2,34.16 2 0
github.com/viebiz/lit/monitoring/otel/exporter.go:34.16,36.3 1 0
github.com/viebiz/lit/monitoring/otel/exporter.go:38.2,38.22 1 0
github.com/viebiz/lit/monitoring/otel/exporter.go:46.32,52.12 2 0
github.com/viebiz/lit/monitoring/otel/exporter.go:52.12,54.3 1 0
github.com/viebiz/lit/monitoring/otel/exporter.go:56.2,57.16 2 0
github.com/viebiz/lit/monitoring/otel/exporter.go:57.16,59.3 1 0
github.com/viebiz/lit/monitoring/otel/exporter.go:61.2,61.22 1 0
github.com/viebiz/lit/monitoring/otel/exporter.go:64.83,65.27 1 0
github.com/viebiz/lit/monitoring/otel/exporter.go:66.21,67.74 1 0
github.com/viebiz/lit/monitoring/otel/exporter.go:68.21,69.74 1 0
github.com/viebiz/lit/monitoring/otel/exporter.go:70.10,71.74 1 0
github.com/viebiz/lit/monitoring/otel/mock_ExporterOption.go:13.52,15.2 1 0
github.com/viebiz/lit/monitoring/otel/mock_ExporterOption.go:22.24,26.19 3 0
github.com/viebiz/lit/monitoring/otel/mock_ExporterOption.go:26.19,26.49 1 0
github.com/viebiz/lit/monitoring/otel/mock_ExporterOption.go:28.2,28.13 1 0
github.com/viebiz/lit/monitoring/otel/new.go:25.39,31.2 1 0
github.com/viebiz/lit/monitoring/otel/new.go:33.75,35.27 2 0
github.com/viebiz/lit/monitoring/otel/new.go:35.27,37.3 1 0
github.com/viebiz/lit/monitoring/otel/new.go:39.2,39.39 1 0
github.com/viebiz/lit/monitoring/otel/new.go:39.39,41.3 1 0
github.com/viebiz/lit/monitoring/otel/new.go:43.2,44.16 2 0
github.com/viebiz/lit/monitoring/otel/new.go:44.16,46.3 1 0
github.com/viebiz/lit/monitoring/otel/new.go:48.2,49.16 2 0
github.com/viebiz/lit/monitoring/otel/new.go:49.16,51.3 1 0
github.com/viebiz/lit/monitoring/otel/new.go:54.2,77.12 5 0
github.com/viebiz/lit/monitoring/otel/new.go:80.36,81.27 1 0
github.com/viebiz/lit/monitoring/otel/new.go:81.27,83.3 1 0
github.com/viebiz/lit/monitoring/otel/new.go:85.2,85.34 1 0
github.com/viebiz/lit/monitoring/otel/new.go:85.34,87.3 1 0
github.com/viebiz/lit/monitoring/otel/new.go:89.2,89.40 1 0
github.com/viebiz/lit/monitoring/otel/new.go:89.40,91.3 1 0
github.com/viebiz/lit/monitoring/otel/new.go:93.2,93.12 1 0
github.com/viebiz/lit/monitoring/otel/new.go:98.60,99.30 1 0
github.com/viebiz/lit/monitoring/otel/new.go:99.30,101.3 1 0
github.com/viebiz/lit/monitoring/otel/new.go:103.2,109.3 1 0
github.com/viebiz/lit/monitoring/otel/options.go:13.56,14.27 1 0
github.com/viebiz/lit/monitoring/otel/options.go:14.27,16.3 1 0
github.com/viebiz/lit/monitoring/otel/options.go:20.52,21.27 1 0
github.com/viebiz/lit/monitoring/otel/options.go:21.27,24.3 2 0
github.com/viebiz/lit/monitoring/otel/options.go:28.61,29.27 1 0
github.com/viebiz/lit/monitoring/otel/options.go:29.27,31.27 2 0
github.com/viebiz/lit/monitoring/otel/options.go:31.27,33.4 1 0
github.com/viebiz/lit/monitoring/otel/options.go:35.3,35.33 1 0
github.com/viebiz/lit/postgres/connect.go:16.43,18.16 2 0
github.com/viebiz/lit/postgres/connect.go:18.16,20.3 1 0
github.com/viebiz/lit/postgres/connect.go:22.2,25.16 3 0
github.com/viebiz/lit/postgres/mock_Beginner.go:17.50,20.19 2 0
github.com/viebiz/lit/postgres/mock_Beginner.go:20.19,21.47 1 0
github.com/viebiz/lit/postgres/mock_Beginner.go:24.2,26.56 3 0
github.com/viebiz/lit/postgres/mock_Beginner.go:26.56,28.3 1 0
github.com/viebiz/lit/postgres/mock_Beginner.go:29.2,29.47 1 0
github.com/viebiz/lit/postgres/mock_Beginner.go:29.47,31.3 1 0
github.com/viebiz/lit/postgres/mock_Beginner.go:31.8,32.24 1 0
github.com/viebiz/lit/postgres/mock_Beginner.go:32.24,34.4 1 0
github.com/viebiz/lit/postgres/mock_Beginner.go:37.2,37.45 1 0
github.com/viebiz/lit/postgres/mock_Beginner.go:37.45,39.3 1 0
github.com/viebiz/lit/postgres/mock_Beginner.go:39.8,41.3 1 0
github.com/viebiz/lit/postgres/mock_Beginner.go:43.2,43.15 1 0
github.com/viebiz/lit/postgres/mock_Beginner.go:51.18,55.19 3 0
github.com/viebiz/lit/postgres/mock_Beginner.go:55.19,55.49 1 0
github.com/viebiz/lit/postgres/mock_Beginner.go:57.2,57.13 1 0
github.com/viebiz/lit/postgres/mock_ContextBeginner.go:18.98,21.19 2 0
github.com/viebiz/lit/postgres/mock_ContextBeginner.go:21.19,22.49 1 0
github.com/viebiz/lit/postgres/mock_ContextBeginner.go:25.2,27.87 3 0
github.com/viebiz/lit/postgres/mock_ContextBeginner.go:27.87,29.3 1 0
github.com/viebiz/lit/postgres/mock_ContextBeginner.go:30.2,30.78 1 0
github.com/viebiz/lit/postgres/mock_ContextBeginner.go:30.78,32.3 1 0
github.com/viebiz/lit/postgres/mock_ContextBeginner.go:32.8,33.24 1 0
github.com/viebiz/lit/postgres/mock_ContextBeginner.go:33.24,35.4 1 0
github.com/viebiz/lit/postgres/mock_ContextBeginner.go:38.2,38.76 1 0
github.com/viebiz/lit/postgres/mock_ContextBeginner.go:38.76,40.3 1 0
github.com/viebiz/lit/postgres/mock_ContextBeginner.go:40.8,42.3 1 0
github.com/viebiz/lit/postgres/mock_ContextBeginner.go:44.2,44.15 1 0
github.com/viebiz/lit/postgres/mock_ContextBeginner.go:48.92,54.19 5 0
github.com/viebiz/lit/postgres/mock_ContextBeginner.go:54.19,55.46 1 0
github.com/viebiz/lit/postgres/mock_ContextBeginner.go:58.2,60.81 3 0
github.com/viebiz/lit/postgres/mock_ContextBeginner.go:60.81,62.3 1 0
github.com/viebiz/lit/postgres/mock_ContextBeginner.go:63.2,63.72 1 0
github.com/viebiz/lit/postgres/mock_ContextBeginner.go:63.72,65.3 1 0
github.com/viebiz/lit/postgres/mock_ContextBeginner.go:65.8,66.24 1 0
github.com/viebiz/lit/postgres/mock_ContextBeginner.go:66.24,68.4 1 0
github.com/viebiz/lit/postgres/mock_ContextBeginner.go:71.2,71.67 1 0
github.com/viebiz/lit/postgres/mock_ContextBeginner.go:71.67,73.3 1 0
github.com/viebiz/lit/postgres/mock_ContextBeginner.go:73.8,75.3 1 0
github.com/viebiz/lit/postgres/mock_ContextBeginner.go:77.2,77.15 1 0
github.com/viebiz/lit/postgres/mock_ContextBeginner.go:81.120,87.19 5 0
github.com/viebiz/lit/postgres/mock_ContextBeginner.go:87.19,88.53 1 0
github.com/viebiz/lit/postgres/mock_ContextBeginner.go:91.2,93.98 3 0
github.com/viebiz/lit/postgres/mock_ContextBeginner.go:93.98,95.3 1 0
github.com/viebiz/lit/postgres/mock_ContextBeginner.go:96.2,96.89 1 0
github.com/viebiz/lit/postgres/mock_ContextBeginner.go:96.89,98.3 1 0
github.com/viebiz/lit/postgres/mock_ContextBeginner.go:98.8,99.24 1 0
github.com/viebiz/lit/postgres/mock_ContextBeginner.go:99.24,101.4 1 0
github.com/viebiz/lit/postgres/mock_ContextBeginner.go:104.2,104.84 1 0
github.com/viebiz/lit/postgres/mock_ContextBeginner.go:104.84,106.3 1 0
github.com/viebiz/lit/postgres/mock_ContextBeginner.go:106.8,108.3 1 0
github.com/viebiz/lit/postgres/mock_ContextBeginner.go:110.2,110.15 1 0
github.com/viebiz/lit/postgres/mock_ContextBeginner.go:114.73,117.19 2 0
github.com/viebiz/lit/postgres/mock_ContextBeginner.go:117.19,118.49 1 0
github.com/viebiz/lit/postgres/mock_ContextBeginner.go:121.2,123.64 3 0
github.com/viebiz/lit/postgres/mock_ContextBeginner.go:123.64,125.3 1 0
github.com/viebiz/lit/postgres/mock_ContextBeginner.go:126.2,126.55 1 0
github.com/viebiz/lit/postgres/mock_ContextBeginner.go:126.55,128.3 1 0
github.com/viebiz/lit/postgres/mock_ContextBeginner.go:128.8,129.24 1 0
github.com/viebiz/lit/postgres/mock_ContextBeginner.go:129.24,131.4 1 0
github.com/viebiz/lit/postgres/mock_ContextBeginner.go:134.2,134.51 1 0
github.com/viebiz/lit/postgres/mock_ContextBeginner.go:134.51,136.3 1 0
github.com/viebiz/lit/postgres/mock_ContextBeginner.go:136.8,138.3 1 0
github.com/viebiz/lit/postgres/mock_ContextBeginner.go:140.2,140.15 1 0
github.com/viebiz/lit/postgres/mock_ContextBeginner.go:144.101,147.19 2 0
github.com/viebiz/lit/postgres/mock_ContextBeginner.go:147.19,148.56 1 0
github.com/viebiz/lit/postgres/mock_ContextBeginner.go:151.2,153.81 3 0
github.com/viebiz/lit/postgres/mock_ContextBeginner.go:153.81,155.3 1 0
github.com/viebiz/lit/postgres/mock_ContextBeginner.go:156.2,156.72 1 0
github.com/viebiz/lit/postgres/mock_ContextBeginner.go:156.72,158.3 1 0
github.com/viebiz/lit/postgres/mock_ContextBeginner.go:158.8,159.24 1 0
github.com/viebiz/lit/postgres/mock_ContextBeginner.go:159.24,161.4 1 0
github.com/viebiz/lit/postgres/mock_ContextBeginner.go:164.2,164.68 1 0
github.com/viebiz/lit/postgres/mock_ContextBeginner.go:164.68,166.3 1 0
github.com/viebiz/lit/postgres/mock_ContextBeginner.go:166.8,168.3 1 0
github.com/viebiz/lit/postgres/mock_ContextBeginner.go:170.2,170.15 1 0
github.com/viebiz/lit/postgres/mock_ContextBeginner.go:174.92,180.19 5 0
github.com/viebiz/lit/postgres/mock_ContextBeginner.go:180.19,181.47 1 0
github.com/viebiz/lit/postgres/mock_ContextBeginner.go:184.2,186.80 3 0
github.com/viebiz/lit/postgres/mock_ContextBeginner.go:186.80,188.3 1 0
github.com/viebiz/lit/postgres/mock_ContextBeginner.go:189.2,189.71 1 0
github.com/viebiz/lit/postgres/mock_ContextBeginner.go:189.71,191.3 1 0
github.com/viebiz/lit/postgres/mock_ContextBeginner.go:191.8,192.24 1 0
github.com/viebiz/lit/postgres/mock_ContextBeginner.go:192.24,194.4 1 0
github.com/viebiz/lit/postgres/mock_ContextBeginner.go:197.2,197.67 1 0
github.com/viebiz/lit/postgres/mock_ContextBeginner.go:197.67,199.3 1 0
github.com/viebiz/lit/postgres/mock_ContextBeginner.go:199.8,201.3 1 0
github.com/viebiz/lit/postgres/mock_ContextBeginner.go:203.2,203.15 1 0
github.com/viebiz/lit/postgres/mock_ContextBeginner.go:207.120,213.19 5 0
github.com/viebiz/lit/postgres/mock_ContextBeginner.go:213.19,214.54 1 0
github.com/viebiz/lit/postgres/mock_ContextBeginner.go:217.2,219.97 3 0
github.com/viebiz/lit/postgres/mock_ContextBeginner.go:219.97,221.3 1 0
github.com/viebiz/lit/postgres/mock_ContextBeginner.go:222.2,222.88 1 0
github.com/viebiz/lit/postgres/mock_ContextBeginner.go:222.88,224.3 1 0
github.com/viebiz/lit/postgres/mock_ContextBeginner.go:224.8,225.24 1 0
github.com/viebiz/lit/postgres/mock_ContextBeginner.go:225.24,227.4 1 0
github.com/viebiz/lit/postgres/mock_ContextBeginner.go:230.2,230.84 1 0
github.com/viebiz/lit/postgres/mock_ContextBeginner.go:230.84,232.3 1 0
github.com/viebiz/lit/postgres/mock_ContextBeginner.go:232.8,234.3 1 0
github.com/viebiz/lit/postgres/mock_ContextBeginner.go:236.2,236.15 1 0
github.com/viebiz/lit/postgres/mock_ContextBeginner.go:240.85,246.19 5 0
github.com/viebiz/lit/postgres/mock_ContextBeginner.go:246.19,247.50 1 0
github.com/viebiz/lit/postgres/mock_ContextBeginner.go:250.2,251.70 2 0
github.com/viebiz/lit/postgres/mock_ContextBeginner.go:251.70,253.3 1 0
github.com/viebiz/lit/postgres/mock_ContextBeginner.go:253.8,254.24 1 0
github.com/viebiz/lit/postgres/mock_ContextBeginner.go:254.24,256.4 1 0
github.com/viebiz/lit/postgres/mock_ContextBeginner.go:259.2,259.11 1 0
github.com/viebiz/lit/postgres/mock_ContextBeginner.go:263.113,269.19 5 0
github.com/viebiz/lit/postgres/mock_ContextBeginner.go:269.19,270.57 1 0
github.com/viebiz/lit/postgres/mock_ContextBeginner.go:273.2,274.87 2 0
github.com/viebiz/lit/postgres/mock_ContextBeginner.go:274.87,276.3 1 0
github.com/viebiz/lit/postgres/mock_ContextBeginner.go:276.8,277.24 1 0
github.com/viebiz/lit/postgres/mock_ContextBeginner.go:277.24,279.4 1 0
github.com/viebiz/lit/postgres/mock_ContextBeginner.go:282.2,282.11 1 0
github.com/viebiz/lit/postgres/mock_ContextBeginner.go:290.25,294.19 3 0
github.com/viebiz/lit/postgres/mock_ContextBeginner.go:294.19,294.49 1 0
github.com/viebiz/lit/postgres/mock_ContextBeginner.go:296.2,296.13 1 0
github.com/viebiz/lit/postgres/mock_ContextExecutor.go:18.92,24.19 5 0
github.com/viebiz/lit/postgres/mock_ContextExecutor.go:24.19,25.46 1 0
github.com/viebiz/lit/postgres/mock_ContextExecutor.go:28.2,30.81 3 0
github.com/viebiz/lit/postgres/mock_ContextExecutor.go:30.81,32.3 1 0
github.com/viebiz/lit/postgres/mock_ContextExecutor.go:33.2,33.72 1 0
github.com/viebiz/lit/postgres/mock_ContextExecutor.go:33.72,35.3 1 0
github.com/viebiz/lit/postgres/mock_ContextExecutor.go:35.8,36.24 1 0
github.com/viebiz/lit/postgres/mock_ContextExecutor.go:36.24,38.4 1 0
github.com/viebiz/lit/postgres/mock_ContextExecutor.go:41.2,41.67 1 0
github.com/viebiz/lit/postgres/mock_ContextExecutor.go:41.67,43.3 1 0
github.com/viebiz/lit/postgres/mock_ContextExecutor.go:43.8,45.3 1 0
github.com/viebiz/lit/postgres/mock_ContextExecutor.go:47.2,47.15 1 0
github.com/viebiz/lit/postgres/mock_ContextExecutor.go:51.120,57.19 5 0
github.com/viebiz/lit/postgres/mock_ContextExecutor.go:57.19,58.53 1 0
github.com/viebiz/lit/postgres/mock_ContextExecutor.go:61.2,63.98 3 0
github.com/viebiz/lit/postgres/mock_ContextExecutor.go:63.98,65.3 1 0
github.com/viebiz/lit/postgres/mock_ContextExecutor.go:66.2,66.89 1 0
github.com/viebiz/lit/postgres/mock_ContextExecutor.go:66.89,68.3 1 0
github.com/viebiz/lit/postgres/mock_ContextExecutor.go:68.8,69.24 1 0
github.com/viebiz/lit/postgres/mock_ContextExecutor.go:69.24,71.4 1 0
github.com/viebiz/lit/postgres/mock_ContextExecutor.go:74.2,74.84 1 0
github.com/viebiz/lit/postgres/mock_ContextExecutor.go:74.84,76.3 1 0
github.com/viebiz/lit/postgres/mock_ContextExecutor.go:76.8,78.3 1 0
github.com/viebiz/lit/postgres/mock_ContextExecutor.go:80.2,80.15 1 0
github.com/viebiz/lit/postgres/mock_ContextExecutor.go:84.73,87.19 2 0
github.com/viebiz/lit/postgres/mock_ContextExecutor.go:87.19,88.49 1 0
github.com/viebiz/lit/postgres/mock_ContextExecutor.go:91.2,93.64 3 0
github.com/viebiz/lit/postgres/mock_ContextExecutor.go:93.64,95.3 1 0
github.com/viebiz/lit/postgres/mock_ContextExecutor.go:96.2,96.55 1 0
github.com/viebiz/lit/postgres/mock_ContextExecutor.go:96.55,98.3 1 0
github.com/viebiz/lit/postgres/mock_ContextExecutor.go:98.8,99.24 1 0
github.com/viebiz/lit/postgres/mock_ContextExecutor.go:99.24,101.4 1 0
github.com/viebiz/lit/postgres/mock_ContextExecutor.go:104.2,104.51 1 0
github.com/viebiz/lit/postgres/mock_ContextExecutor.go:104.51,106.3 1 0
github.com/viebiz/lit/postgres/mock_ContextExecutor.go:106.8,108.3 1 0
github.com/viebiz/lit/postgres/mock_ContextExecutor.go:110.2,110.15 1 0
github.com/viebiz/lit/postgres/mock_ContextExecutor.go:114.101,117.19 2 0
github.com/viebiz/lit/postgres/mock_ContextExecutor.go:117.19,118.56 1 0
github.com/viebiz/lit/postgres/mock_ContextExecutor.go:121.2,123.81 3 0
github.com/viebiz/lit/postgres/mock_ContextExecutor.go:123.81,125.3 1 0
github.com/viebiz/lit/postgres/mock_ContextExecutor.go:126.2,126.72 1 0
github.com/viebiz/lit/postgres/mock_ContextExecutor.go:126.72,128.3 1 0
github.com/viebiz/lit/postgres/mock_ContextExecutor.go:128.8,129.24 1 0
github.com/viebiz/lit/postgres/mock_ContextExecutor.go:129.24,131.4 1 0
github.com/viebiz/lit/postgres/mock_ContextExecutor.go:134.2,134.68 1 0
github.com/viebiz/lit/postgres/mock_ContextExecutor.go:134.68,136.3 1 0
github.com/viebiz/lit/postgres/mock_ContextExecutor.go:136.8,138.3 1 0
github.com/viebiz/lit/postgres/mock_ContextExecutor.go:140.2,140.15 1 0
github.com/viebiz/lit/postgres/mock_ContextExecutor.go:144.92,150.19 5 0
github.com/viebiz/lit/postgres/mock_ContextExecutor.go:150.19,151.47 1 0
github.com/viebiz/lit/postgres/mock_ContextExecutor.go:154.2,156.80 3 0
github.com/viebiz/lit/postgres/mock_ContextExecutor.go:156.80,158.3 1 0
github.com/viebiz/lit/postgres/mock_ContextExecutor.go:159.2,159.71 1 0
github.com/viebiz/lit/postgres/mock_ContextExecutor.go:159.71,161.3 1 0
github.com/viebiz/lit/postgres/mock_ContextExecutor.go:161.8,162.24 1 0
github.com/viebiz/lit/postgres/mock_ContextExecutor.go:162.24,164.4 1 0
github.com/viebiz/lit/postgres/mock_ContextExecutor.go:167.2,167.67 1 0
github.com/viebiz/lit/postgres/mock_ContextExecutor.go:167.67,169.3 1 0
github.com/viebiz/lit/postgres/mock_ContextExecutor.go:169.8,171.3 1 0
github.com/viebiz/lit/postgres/mock_ContextExecutor.go:173.2,173.15 1 0
github.com/viebiz/lit/postgres/mock_ContextExecutor.go:177.120,183.19 5 0
github.com/viebiz/lit/postgres/mock_ContextExecutor.go:183.19,184.54 1 0
github.com/viebiz/lit/postgres/mock_ContextExecutor.go:187.2,189.97 3 0
github.com/viebiz/lit/postgres/mock_ContextExecutor.go:189.97,191.3 1 0
github.com/viebiz/lit/postgres/mock_ContextExecutor.go:192.2,192.88 1 0
github.com/viebiz/lit/postgres/mock_ContextExecutor.go:192.88,194.3 1 0
github.com/viebiz/lit/postgres/mock_ContextExecutor.go:194.8,195.24 1 0
github.com/viebiz/lit/postgres/mock_ContextExecutor.go:195.24,197.4 1 0
github.com/viebiz/lit/postgres/mock_ContextExecutor.go:200.2,200.84 1 0
github.com/viebiz/lit/postgres/mock_ContextExecutor.go:200.84,202.3 1 0
github.com/viebiz/lit/postgres/mock_ContextExecutor.go:202.8,204.3 1 0
github.com/viebiz/lit/postgres/mock_ContextExecutor.go:206.2,206.15 1 0
github.com/viebiz/lit/postgres/mock_ContextExecutor.go:210.85,216.19 5 0
github.com/viebiz/lit/postgres/mock_ContextExecutor.go:216.19,217.50 1 0
github.com/viebiz/lit/postgres/mock_ContextExecutor.go:220.2,221.70 2 0
github.com/viebiz/lit/postgres/mock_ContextExecutor.go:221.70,223.3 1 0
github.com/viebiz/lit/postgres/mock_ContextExecutor.go:223.8,224.24 1 0
github.com/viebiz/lit/postgres/mock_ContextExecutor.go:224.24,226.4 1 0
github.com/viebiz/lit/postgres/mock_ContextExecutor.go:229.2,229.11 1 0
github.com/viebiz/lit/postgres/mock_ContextExecutor.go:233.113,239.19 5 0
github.com/viebiz/lit/postgres/mock_ContextExecutor.go:239.19,240.57 1 0
github.com/viebiz/lit/postgres/mock_ContextExecutor.go:243.2,244.87 2 0
github.com/viebiz/lit/postgres/mock_ContextExecutor.go:244.87,246.3 1 0
github.com/viebiz/lit/postgres/mock_ContextExecutor.go:246.8,247.24 1 0
github.com/viebiz/lit/postgres/mock_ContextExecutor.go:247.24,249.4 1 0
github.com/viebiz/lit/postgres/mock_ContextExecutor.go:252.2,252.11 1 0
github.com/viebiz/lit/postgres/mock_ContextExecutor.go:260.25,264.19 3 0
github.com/viebiz/lit/postgres/mock_ContextExecutor.go:264.19,264.49 1 0
github.com/viebiz/lit/postgres/mock_ContextExecutor.go:266.2,266.13 1 0
github.com/viebiz/lit/postgres/mock_ContextTransactor.go:18.49,21.19 2 0
github.com/viebiz/lit/postgres/mock_ContextTransactor.go:21.19,22.48 1 0
github.com/viebiz/lit/postgres/mock_ContextTransactor.go:25.2,26.45 2 0
github.com/viebiz/lit/postgres/mock_ContextTransactor.go:26.45,28.3 1 0
github.com/viebiz/lit/postgres/mock_ContextTransactor.go:28.8,30.3 1 0
github.com/viebiz/lit/postgres/mock_ContextTransactor.go:32.2,32.11 1 0
github.com/viebiz/lit/postgres/mock_ContextTransactor.go:36.94,42.19 5 0
github.com/viebiz/lit/postgres/mock_ContextTransactor.go:42.19,43.46 1 0
github.com/viebiz/lit/postgres/mock_ContextTransactor.go:46.2,48.81 3 0
github.com/viebiz/lit/postgres/mock_ContextTransactor.go:48.81,50.3 1 0
github.com/viebiz/lit/postgres/mock_ContextTransactor.go:51.2,51.72 1 0
github.com/viebiz/lit/postgres/mock_ContextTransactor.go:51.72,53.3 1 0
github.com/viebiz/lit/postgres/mock_ContextTransactor.go:53.8,54.24 1 0
github.com/viebiz/lit/postgres/mock_ContextTransactor.go:54.24,56.4 1 0
github.com/viebiz/lit/postgres/mock_ContextTransactor.go:59.2,59.67 1 0
github.com/viebiz/lit/postgres/mock_ContextTransactor.go:59.67,61.3 1 0
github.com/viebiz/lit/postgres/mock_ContextTransactor.go:61.8,63.3 1 0
github.com/viebiz/lit/postgres/mock_ContextTransactor.go:65.2,65.15 1 0
github.com/viebiz/lit/postgres/mock_ContextTransactor.go:69.122,75.19 5 0
github.com/viebiz/lit/postgres/mock_ContextTransactor.go:75.19,76.53 1 0
github.com/viebiz/lit/postgres/mock_ContextTransactor.go:79.2,81.98 3 0
github.com/viebiz/lit/postgres/mock_ContextTransactor.go:81.98,83.3 1 0
github.com/viebiz/lit/postgres/mock_ContextTransactor.go:84.2,84.89 1 0
github.com/viebiz/lit/postgres/mock_ContextTransactor.go:84.89,86.3 1 0
github.com/viebiz/lit/postgres/mock_ContextTransactor.go:86.8,87.24 1 0
github.com/viebiz/lit/postgres/mock_ContextTransactor.go:87.24,89.4 1 0
github.com/viebiz/lit/postgres/mock_ContextTransactor.go:92.2,92.84 1 0
github.com/viebiz/lit/postgres/mock_ContextTransactor.go:92.84,94.3 1 0
github.com/viebiz/lit/postgres/mock_ContextTransactor.go:94.8,96.3 1 0
github.com/viebiz/lit/postgres/mock_ContextTransactor.go:98.2,98.15 1 0
github.com/viebiz/lit/postgres/mock_ContextTransactor.go:102.75,105.19 2 0
github.com/viebiz/lit/postgres/mock_ContextTransactor.go:105.19,106.49 1 0
github.com/viebiz/lit/postgres/mock_ContextTransactor.go:109.2,111.64 3 0
github.com/viebiz/lit/postgres/mock_ContextTransactor.go:111.64,113.3 1 0
github.com/viebiz/lit/postgres/mock_ContextTransactor.go:114.2,114.55 1 0
github.com/viebiz/lit/postgres/mock_ContextTransactor.go:114.55,116.3 1 0
github.com/viebiz/lit/postgres/mock_ContextTransactor.go:116.8,117.24 1 0
github.com/viebiz/lit/postgres/mock_ContextTransactor.go:117.24,119.4 1 0
github.com/viebiz/lit/postgres/mock_ContextTransactor.go:122.2,122.51 1 0
github.com/viebiz/lit/postgres/mock_ContextTransactor.go:122.51,124.3 1 0
github.com/viebiz/lit/postgres/mock_ContextTransactor.go:124.8,126.3 1 0
github.com/viebiz/lit/postgres/mock_ContextTransactor.go:128.2,128.15 1 0
github.com/viebiz/lit/postgres/mock_ContextTransactor.go:132.103,135.19 2 0
github.com/viebiz/lit/postgres/mock_ContextTransactor.go:135.19,136.56 1 0
github.com/viebiz/lit/postgres/mock_ContextTransactor.go:139.2,141.81 3 0
github.com/viebiz/lit/postgres/mock_ContextTransactor.go:141.81,143.3 1 0
github.com/viebiz/lit/postgres/mock_ContextTransactor.go:144.2,144.72 1 0
github.com/viebiz/lit/postgres/mock_ContextTransactor.go:144.72,146.3 1 0
github.com/viebiz/lit/postgres/mock_ContextTransactor.go:146.8,147.24 1 0
github.com/viebiz/lit/postgres/mock_ContextTransactor.go:147.24,149.4 1 0
github.com/viebiz/lit/postgres/mock_ContextTransactor.go:152.2,152.68 1 0
github.com/viebiz/lit/postgres/mock_ContextTransactor.go:152.68,154.3 1 0
github.com/viebiz/lit/postgres/mock_ContextTransactor.go:154.8,156.3 1 0
github.com/viebiz/lit/postgres/mock_ContextTransactor.go:158.2,158.15 1 0
github.com/viebiz/lit/postgres/mock_ContextTransactor.go:162.94,168.19 5 0
github.com/viebiz/lit/postgres/mock_ContextTransactor.go:168.19,169.47 1 0
github.com/viebiz/lit/postgres/mock_ContextTransactor.go:172.2,174.80 3 0
github.com/viebiz/lit/postgres/mock_ContextTransactor.go:174.80,176.3 1 0
github.com/viebiz/lit/postgres/mock_ContextTransactor.go:177.2,177.71 1 0
github.com/viebiz/lit/postgres/mock_ContextTransactor.go:177.71,179.3 1 0
github.com/viebiz/lit/postgres/mock_ContextTransactor.go:179.8,180.24 1 0
github.com/viebiz/lit/postgres/mock_ContextTransactor.go:180.24,182.4 1 0
github.com/viebiz/lit/postgres/mock_ContextTransactor.go:185.2,185.67 1 0
github.com/viebiz/lit/postgres/mock_ContextTransactor.go:185.67,187.3 1 0
github.com/viebiz/lit/postgres/mock_ContextTransactor.go:187.8,189.3 1 0
github.com/viebiz/lit/postgres/mock_ContextTransactor.go:191.2,191.15 1 0
github.com/viebiz/lit/postgres/mock_ContextTransactor.go:195.122,201.19 5 0
github.com/viebiz/lit/postgres/mock_ContextTransactor.go:201.19,202.54 1 0
github.com/viebiz/lit/postgres/mock_ContextTransactor.go:205.2,207.97 3 0
github.com/viebiz/lit/postgres/mock_ContextTransactor.go:207.97,209.3 1 0
github.com/viebiz/lit/postgres/mock_ContextTransactor.go:210.2,210.88 1 0
github.com/viebiz/lit/postgres/mock_ContextTransactor.go:210.88,212.3 1 0
github.com/viebiz/lit/postgres/mock_ContextTransactor.go:212.8,213.24 1 0
github.com/viebiz/lit/postgres/mock_ContextTransactor.go:213.24,215.4 1 0
github.com/viebiz/lit/postgres/mock_ContextTransactor.go:218.2,218.84 1 0
github.com/viebiz/lit/postgres/mock_ContextTransactor.go:218.84,220.3 1 0
github.com/viebiz/lit/postgres/mock_ContextTransactor.go:220.8,222.3 1 0
github.com/viebiz/lit/postgres/mock_ContextTransactor.go:224.2,224.15 1 0
github.com/viebiz/lit/postgres/mock_ContextTransactor.go:228.87,234.19 5 0
github.com/viebiz/lit/postgres/mock_ContextTransactor.go:234.19,235.50 1 0
github.com/viebiz/lit/postgres/mock_ContextTransactor.go:238.2,239.70 2 0
github.com/viebiz/lit/postgres/mock_ContextTransactor.go:239.70,241.3 1 0
github.com/viebiz/lit/postgres/mock_ContextTransactor.go:241.8,242.24 1 0
github.com/viebiz/lit/postgres/mock_ContextTransactor.go:242.24,244.4 1 0
github.com/viebiz/lit/postgres/mock_ContextTransactor.go:247.2,247.11 1 0
github.com/viebiz/lit/postgres/mock_ContextTransactor.go:251.115,257.19 5 0
github.com/viebiz/lit/postgres/mock_ContextTransactor.go:257.19,258.57 1 0
github.com/viebiz/lit/postgres/mock_ContextTransactor.go:261.2,262.87 2 0
github.com/viebiz/lit/postgres/mock_ContextTransactor.go:262.87,264.3 1 0
github.com/viebiz/lit/postgres/mock_ContextTransactor.go:264.8,265.24 1 0
github.com/viebiz/lit/postgres/mock_ContextTransactor.go:265.24,267.4 1 0
github.com/viebiz/lit/postgres/mock_ContextTransactor.go:270.2,270.11 1 0
github.com/viebiz/lit/postgres/mock_ContextTransactor.go:274.51,277.19 2 0
github.com/viebiz/lit/postgres/mock_ContextTransactor.go:277.19,278.50 1 0
github.com/viebiz/lit/postgres/mock_ContextTransactor.go:281.2,282.45 2 0
github.com/viebiz/lit/postgres/mock_ContextTransactor.go:282.45,284.3 1 0
github.com/viebiz/lit/postgres/mock_ContextTransactor.go:284.8,286.3 1 0
github.com/viebiz/lit/postgres/mock_ContextTransactor.go:288.2,288.11 1 0
github.com/viebiz/lit/postgres/mock_ContextTransactor.go:296.27,300.19 3 0
github.com/viebiz/lit/postgres/mock_ContextTransactor.go:300.19,300.49 1 0
github.com/viebiz/lit/postgres/mock_ContextTransactor.go:302.2,302.13 1 0
github.com/viebiz/lit/postgres/mock_Executor.go:17.85,23.19 5 0
github.com/viebiz/lit/postgres/mock_Executor.go:23.19,24.46 1 0
github.com/viebiz/lit/postgres/mock_Executor.go:27.2,29.81 3 0
github.com/viebiz/lit/postgres/mock_Executor.go:29.81,31.3 1 0
github.com/viebiz/lit/postgres/mock_Executor.go:32.2,32.72 1 0
github.com/viebiz/lit/postgres/mock_Executor.go:32.72,34.3 1 0
github.com/viebiz/lit/postgres/mock_Executor.go:34.8,35.24 1 0
github.com/viebiz/lit/postgres/mock_Executor.go:35.24,37.4 1 0
github.com/viebiz/lit/postgres/mock_Executor.go:40.2,40.67 1 0
github.com/viebiz/lit/postgres/mock_Executor.go:40.67,42.3 1 0
github.com/viebiz/lit/postgres/mock_Executor.go:42.8,44.3 1 0
github.com/viebiz/lit/postgres/mock_Executor.go:46.2,46.15 1 0
github.com/viebiz/lit/postgres/mock_Executor.go:50.66,53.19 2 0
github.com/viebiz/lit/postgres/mock_Executor.go:53.19,54.49 1 0
github.com/viebiz/lit/postgres/mock_Executor.go:57.2,59.64 3 0
github.com/viebiz/lit/postgres/mock_Executor.go:59.64,61.3 1 0
github.com/viebiz/lit/postgres/mock_Executor.go:62.2,62.55 1 0
github.com/viebiz/lit/postgres/mock_Executor.go:62.55,64.3 1 0
github.com/viebiz/lit/postgres/mock_Executor.go:64.8,65.24 1 0
github.com/viebiz/lit/postgres/mock_Executor.go:65.24,67.4 1 0
github.com/viebiz/lit/postgres/mock_Executor.go:70.2,70.51 1 0
github.com/viebiz/lit/postgres/mock_Executor.go:70.51,72.3 1 0
github.com/viebiz/lit/postgres/mock_Executor.go:72.8,74.3 1 0
github.com/viebiz/lit/postgres/mock_Executor.go:76.2,76.15 1 0
github.com/viebiz/lit/postgres/mock_Executor.go:80.85,86.19 5 0
github.com/viebiz/lit/postgres/mock_Executor.go:86.19,87.47 1 0
github.com/viebiz/lit/postgres/mock_Executor.go:90.2,92.80 3 0
github.com/viebiz/lit/postgres/mock_Executor.go:92.80,94.3 1 0
github.com/viebiz/lit/postgres/mock_Executor.go:95.2,95.71 1 0
github.com/viebiz/lit/postgres/mock_Executor.go:95.71,97.3 1 0
github.com/viebiz/lit/postgres/mock_Executor.go:97.8,98.24 1 0
github.com/viebiz/lit/postgres/mock_Executor.go:98.24,100.4 1 0
github.com/viebiz/lit/postgres/mock_Executor.go:103.2,103.67 1 0
github.com/viebiz/lit/postgres/mock_Executor.go:103.67,105.3 1 0
github.com/viebiz/lit/postgres/mock_Executor.go:105.8,107.3 1 0
github.com/viebiz/lit/postgres/mock_Executor.go:109.2,109.15 1 0
github.com/viebiz/lit/postgres/mock_Executor.go:113.78,119.19 5 0
github.com/viebiz/lit/postgres/mock_Executor.go:119.19,120.50 1 0
github.com/viebiz/lit/postgres/mock_Executor.go:123.2,124.70 2 0
github.com/viebiz/lit/postgres/mock_Executor.go:124.70,126.3 1 0
github.com/viebiz/lit/postgres/mock_Executor.go:126.8,127.24 1 0
github.com/viebiz/lit/postgres/mock_Executor.go:127.24,129.4 1 0
github.com/viebiz/lit/postgres/mock_Executor.go:132.2,132.11 1 0
github.com/viebiz/lit/postgres/mock_Executor.go:140.18,144.19 3 0
github.com/viebiz/lit/postgres/mock_Executor.go:144.19,144.49 1 0
github.com/viebiz/lit/postgres/mock_Executor.go:146.2,146.13 1 0
github.com/viebiz/lit/postgres/mock_Transactor.go:17.42,20.19 2 0
github.com/viebiz/lit/postgres/mock_Transactor.go:20.19,21.48 1 0
[...]
github.com/viebiz/lit/postgres/mock_ContextExecutor.go:41.2,41.67 1 0
github.com/viebiz/lit/postgres/mock_ContextExecutor.go:41.67,43.3 1 0
github.com/viebiz/lit/postgres/mock_ContextExecutor.go:43.8,45.3 1 0
github.com/viebiz/lit/postgres/mock_ContextExecutor.go:47.2,47.15 1 0
github.com/viebiz/lit/postgres/mock_ContextExecutor.go:51.120,57.19 5 0
github.com/viebiz/lit/postgres/mock_ContextExecutor.go:57.19,58.53 1 0
github.com/viebiz/lit/postgres/mock_ContextExecutor.go:61.2,63.98 3 0
github.com/viebiz/lit/postgres/mock_ContextExecutor.go:63.98,65.3 1 0
github.com/viebiz/lit/postgres/mock_ContextExecutor.go:66.2,66.89 1 0
github.com/viebiz/lit/postgres/mock_ContextExecutor.go:66.89,68.3 1 0
github.com/viebiz/lit/postgres/mock_ContextExecutor.go:68.8,69.24 1 0
github.com/viebiz/lit/postgres/mock_ContextExecutor.go:69.24,71.4 1 0
github.com/viebiz/lit/postgres/mock_ContextExecutor.go:74.2,74.84 1 0
github.com/viebiz/lit/postgres/mock_ContextExecutor.go:74.84,76.3 1 0
github.com/viebiz/lit/postgres/mock_ContextExecutor.go:76.8,78.3 1 0
github.com/viebiz/lit/postgres/mock_ContextExecutor.go:80.2,80.15 1 0
github.com/viebiz/lit/postgres/mock_ContextExecutor.go:84.73,87.19 2 0
github.com/viebiz/lit/postgres/mock_ContextExecutor.go:87.19,88.49 1 0
github.com/viebiz/lit/postgres/mock_ContextExecutor.go:91.2,93.64 3 0
github.com/viebiz/lit/postgres/mock_ContextExecutor.go:93.64,95.3 1 0
github.com/viebiz/lit/postgres/mock_ContextExecutor.go:96.2,96.55 1 0
github.com/viebiz/lit/postgres/mock_ContextExecutor.go:96.55,98.3 1 0
github.com/viebiz/lit/postgres/mock_ContextExecutor.go:98.8,99.24 1 0
github.com/viebiz/lit/postgres/mock_ContextExecutor.go:99.24,101.4 1 0
github.com/viebiz/lit/postgres/mock_ContextExecutor.go:104.2,104.51 1 0
github.com/viebiz/lit/postgres/mock_ContextExecutor.go:104.51,106.3 1 0
github.com/viebiz/lit/postgres/mock_ContextExecutor.go:106.8,108.3 1 0
github.com/viebiz/lit/postgres/mock_ContextExecutor.go:110.2,110.15 1 0
github.com/viebiz/lit/postgres/mock_ContextExecutor.go:114.101,117.19 2 0
github.com/viebiz/lit/postgres/mock_ContextExecutor.go:117.19,118.56 1 0
github.com/viebiz/lit/postgres/mock_ContextExecutor.go:121.2,123.81 3 0
github.com/viebiz/lit/postgres/mock_ContextExecutor.go:123.81,125.3 1 0
github.com/viebiz/lit/postgres/mock_ContextExecutor.go:126.2,126.72 1 0
github.com/viebiz/lit/postgres/mock_ContextExecutor.go:126.72,128.3 1 0
github.com/viebiz/lit/postgres/mock_ContextExecutor.go:128.8,129.24 1 0
github.com/viebiz/lit/postgres/mock_ContextExecutor.go:129.24,131.4 1 0
github.com/viebiz/lit/postgres/mock_ContextExecutor.go:134.2,134.68 1 0
github.com/viebiz/lit/postgres/mock_ContextExecutor.go:134.68,136.3 1 0
github.com/viebiz/lit/postgres/mock_ContextExecutor.go:136.8,138.3 1 0
github.com/viebiz/lit/postgres/mock_ContextExecutor.go:140.2,140.15 1 0
github.com/viebiz/lit/postgres/mock_ContextExecutor.go:144.92,150.19 5 0
github.com/viebiz/lit/postgres/mock_ContextExecutor.go:150.19,151.47 1 0
github.com/viebiz/lit/postgres/mock_ContextExecutor.go:154.2,156.80 3 0
github.com/viebiz/lit/postgres/mock_ContextExecutor.go:156.80,158.3 1 0
github.com/viebiz/lit/postgres/mock_ContextExecutor.go:159.2,159.71 1 0
github.com/viebiz/lit/postgres/mock_ContextExecutor.go:159.71,161.3 1 0
github.com/viebiz/lit/postgres/mock_ContextExecutor.go:161.8,162.24 1 0
github.com/viebiz/lit/postgres/mock_ContextExecutor.go:162.24,164.4 1 0
github.com/viebiz/lit/postgres/mock_ContextExecutor.go:167.2,167.67 1 0
github.com/viebiz/lit/postgres/mock_ContextExecutor.go:167.67,169.3 1 0
github.com/viebiz/lit/postgres/mock_ContextExecutor.go:169.8,171.3 1 0
github.com/viebiz/lit/postgres/mock_ContextExecutor.go:173.2,173.15 1 0
github.com/viebiz/lit/postgres/mock_ContextExecutor.go:177.120,183.19 5 0
github.com/viebiz/lit/postgres/mock_ContextExecutor.go:183.19,184.54 1 0
github.com/viebiz/lit/postgres/mock_ContextExecutor.go:187.2,189.97 3 0
github.com/viebiz/lit/postgres/mock_ContextExecutor.go:189.97,191.3 1 0
github.com/viebiz/lit/postgres/mock_ContextExecutor.go:192.2,192.88 1 0
github.com/viebiz/lit/postgres/mock_ContextExecutor.go:192.88,194.3 1 0
github.com/viebiz/lit/postgres/mock_ContextExecutor.go:194.8,195.24 1 0
github.com/viebiz/lit/postgres/mock_ContextExecutor.go:195.24,197.4 1 0
github.com/viebiz/lit/postgres/mock_ContextExecutor.go:200.2,200.84 1 0
github.com/viebiz/lit/postgres/mock_ContextExecutor.go:200.84,202.3 1 0
github.com/viebiz/lit/postgres/mock_ContextExecutor.go:202.8,204.3 1 0
github.com/viebiz/lit/postgres/mock_ContextExecutor.go:206.2,206.15 1 0
github.com/viebiz/lit/postgres/mock_ContextExecutor.go:210.85,216.19 5 0
github.com/viebiz/lit/postgres/mock_ContextExecutor.go:216.19,217.50 1 0
github.com/viebiz/lit/postgres/mock_ContextExecutor.go:220.2,221.70 2 0
github.com/viebiz/lit/postgres/mock_ContextExecutor.go:221.70,223.3 1 0
github.com/viebiz/lit/postgres/mock_ContextExecutor.go:223.8,224.24 1 0
github.com/viebiz/lit/postgres/mock_ContextExecutor.go:224.24,226.4 1 0
github.com/viebiz/lit/postgres/mock_ContextExecutor.go:229.2,229.11 1 0
github.com/viebiz/lit/postgres/mock_ContextExecutor.go:233.113,239.19 5 0
github.com/viebiz/lit/postgres/mock_ContextExecutor.go:239.19,240.57 1 0
github.com/viebiz/lit/postgres/mock_ContextExecutor.go:243.2,244.87 2 0
github.com/viebiz/lit/postgres/mock_ContextExecutor.go:244.87,246.3 1 0
github.com/viebiz/lit/postgres/mock_ContextExecutor.go:246.8,247.24 1 0
github.com/viebiz/lit/postgres/mock_ContextExecutor.go:247.24,249.4 1 0
github.com/viebiz/lit/postgres/mock_ContextExecutor.go:252.2,252.11 1 0
github.com/viebiz/lit/postgres/mock_ContextExecutor.go:260.25,264.19 3 0
github.com/viebiz/lit/postgres/mock_ContextExecutor.go:264.19,264.49 1 0
github.com/viebiz/lit/postgres/mock_ContextExecutor.go:266.2,266.13 1 0
github.com/viebiz/lit/postgres/mock_ContextTransactor.go:18.49,21.19 2 0
github.com/viebiz/lit/postgres/mock_ContextTransactor.go:21.19,22.48 1 0
github.com/viebiz/lit/postgres/mock_ContextTransactor.go:25.2,26.45 2 0
github.com/viebiz/lit/postgres/mock_ContextTransactor.go:26.45,28.3 1 0
github.com/viebiz/lit/postgres/mock_ContextTransactor.go:28.8,30.3 1 0
github.com/viebiz/lit/postgres/mock_ContextTransactor.go:32.2,32.11 1 0
github.com/viebiz/lit/postgres/mock_ContextTransactor.go:36.94,42.19 5 0
github.com/viebiz/lit/postgres/mock_ContextTransactor.go:42.19,43.46 1 0
github.com/viebiz/lit/postgres/mock_ContextTransactor.go:46.2,48.81 3 0
github.com/viebiz/lit/postgres/mock_ContextTransactor.go:48.81,50.3 1 0
github.com/viebiz/lit/postgres/mock_ContextTransactor.go:51.2,51.72 1 0
github.com/viebiz/lit/postgres/mock_ContextTransactor.go:51.72,53.3 1 0
github.com/viebiz/lit/postgres/mock_ContextTransactor.go:53.8,54.24 1 0
github.com/viebiz/lit/postgres/mock_ContextTransactor.go:54.24,56.4 1 0
github.com/viebiz/lit/postgres/mock_ContextTransactor.go:59.2,59.67 1 0
github.com/viebiz/lit/postgres/mock_ContextTransactor.go:59.67,61.3 1 0
github.com/viebiz/lit/postgres/mock_ContextTransactor.go:61.8,63.3 1 0
github.com/viebiz/lit/postgres/mock_ContextTransactor.go:65.2,65.15 1 0
github.com/viebiz/lit/postgres/mock_ContextTransactor.go:69.122,75.19 5 0
github.com/viebiz/lit/postgres/mock_ContextTransactor.go:75.19,76.53 1 0
github.com/viebiz/lit/postgres/mock_ContextTransactor.go:79.2,81.98 3 0
github.com/viebiz/lit/postgres/mock_ContextTransactor.go:81.98,83.3 1 0
github.com/viebiz/lit/postgres/mock_ContextTransactor.go:84.2,84.89 1 0
github.com/viebiz/lit/postgres/mock_ContextTransactor.go:84.89,86.3 1 0
github.com/viebiz/lit/postgres/mock_ContextTransactor.go:86.8,87.24 1 0
github.com/viebiz/lit/postgres/mock_ContextTransactor.go:87.24,89.4 1 0
github.com/viebiz/lit/postgres/mock_ContextTransactor.go:92.2,92.84 1 0
github.com/viebiz/lit/postgres/mock_ContextTransactor.go:92.84,94.3 1 0
github.com/viebiz/lit/postgres/mock_ContextTransactor.go:94.8,96.3 1 0
github.com/viebiz/lit/postgres/mock_ContextTransactor.go:98.2,98.15 1 0
github.com/viebiz/lit/postgres/mock_ContextTransactor.go:102.75,105.19 2 0
github.com/viebiz/lit/postgres/mock_ContextTransactor.go:105.19,106.49 1 0
github.com/viebiz/lit/postgres/mock_ContextTransactor.go:109.2,111.64 3 0
github.com/viebiz/lit/postgres/mock_ContextTransactor.go:111.64,113.3 1 0
github.com/viebiz/lit/postgres/mock_ContextTransactor.go:114.2,114.55 1 0
github.com/viebiz/lit/postgres/mock_ContextTransactor.go:114.55,116.3 1 0
github.com/viebiz/lit/postgres/mock_ContextTransactor.go:116.8,117.24 1 0
github.com/viebiz/lit/postgres/mock_ContextTransactor.go:117.24,119.4 1 0
github.com/viebiz/lit/postgres/mock_ContextTransactor.go:122.2,122.51 1 0
github.com/viebiz/lit/postgres/mock_ContextTransactor.go:122.51,124.3 1 0
github.com/viebiz/lit/postgres/mock_ContextTransactor.go:124.8,126.3 1 0
github.com/viebiz/lit/postgres/mock_ContextTransactor.go:128.2,128.15 1 0
github.com/viebiz/lit/postgres/mock_ContextTransactor.go:132.103,135.19 2 0
github.com/viebiz/lit/postgres/mock_ContextTransactor.go:135.19,136.56 1 0
github.com/viebiz/lit/postgres/mock_ContextTransactor.go:139.2,141.81 3 0
github.com/viebiz/lit/postgres/mock_ContextTransactor.go:141.81,143.3 1 0
github.com/viebiz/lit/postgres/mock_ContextTransactor.go:144.2,144.72 1 0
github.com/viebiz/lit/postgres/mock_ContextTransactor.go:144.72,146.3 1 0
github.com/viebiz/lit/postgres/mock_ContextTransactor.go:146.8,147.24 1 0
github.com/viebiz/lit/postgres/mock_ContextTransactor.go:147.24,149.4 1 0
github.com/viebiz/lit/postgres/mock_ContextTransactor.go:152.2,152.68 1 0
github.com/viebiz/lit/postgres/mock_ContextTransactor.go:152.68,154.3 1 0
github.com/viebiz/lit/postgres/mock_ContextTransactor.go:154.8,156.3 1 0
github.com/viebiz/lit/postgres/mock_ContextTransactor.go:158.2,158.15 1 0
github.com/viebiz/lit/postgres/mock_ContextTransactor.go:162.94,168.19 5 0
github.com/viebiz/lit/postgres/mock_ContextTransactor.go:168.19,169.47 1 0
github.com/viebiz/lit/postgres/mock_ContextTransactor.go:172.2,174.80 3 0
github.com/viebiz/lit/postgres/mock_ContextTransactor.go:174.80,176.3 1 0
github.com/viebiz/lit/postgres/mock_ContextTransactor.go:177.2,177.71 1 0
github.com/viebiz/lit/postgres/mock_ContextTransactor.go:177.71,179.3 1 0
github.com/viebiz/lit/postgres/mock_ContextTransactor.go:179.8,180.24 1 0
github.com/viebiz/lit/postgres/mock_ContextTransactor.go:180.24,182.4 1 0
github.com/viebiz/lit/postgres/mock_ContextTransactor.go:185.2,185.67 1 0
github.com/viebiz/lit/postgres/mock_ContextTransactor.go:185.67,187.3 1 0
github.com/viebiz/lit/postgres/mock_ContextTransactor.go:187.8,189.3 1 0
github.com/viebiz/lit/postgres/mock_ContextTransactor.go:191.2,191.15 1 0
github.com/viebiz/lit/postgres/mock_ContextTransactor.go:195.122,201.19 5 0
github.com/viebiz/lit/postgres/mock_ContextTransactor.go:201.19,202.54 1 0
github.com/viebiz/lit/postgres/mock_ContextTransactor.go:205.2,207.97 3 0
github.com/viebiz/lit/postgres/mock_ContextTransactor.go:207.97,209.3 1 0
github.com/viebiz/lit/postgres/mock_ContextTransactor.go:210.2,210.88 1 0
github.com/viebiz/lit/postgres/mock_ContextTransactor.go:210.88,212.3 1 0
github.com/viebiz/lit/postgres/mock_ContextTransactor.go:212.8,213.24 1 0
github.com/viebiz/lit/postgres/mock_ContextTransactor.go:213.24,215.4 1 0
github.com/viebiz/lit/postgres/mock_ContextTransactor.go:218.2,218.84 1 0
github.com/viebiz/lit/postgres/mock_ContextTransactor.go:218.84,220.3 1 0
github.com/viebiz/lit/postgres/mock_ContextTransactor.go:220.8,222.3 1 0
github.com/viebiz/lit/postgres/mock_ContextTransactor.go:224.2,224.15 1 0
github.com/viebiz/lit/postgres/mock_ContextTransactor.go:228.87,234.19 5 0
github.com/viebiz/lit/postgres/mock_ContextTransactor.go:234.19,235.50 1 0
github.com/viebiz/lit/postgres/mock_ContextTransactor.go:238.2,239.70 2 0
github.com/viebiz/lit/postgres/mock_ContextTransactor.go:239.70,241.3 1 0
github.com/viebiz/lit/postgres/mock_ContextTransactor.go:241.8,242.24 1 0
github.com/viebiz/lit/postgres/mock_ContextTransactor.go:242.24,244.4 1 0
github.com/viebiz/lit/postgres/mock_ContextTransactor.go:247.2,247.11 1 0
github.com/viebiz/lit/postgres/mock_ContextTransactor.go:251.115,257.19 5 0
github.com/viebiz/lit/postgres/mock_ContextTransactor.go:257.19,258.57 1 0
github.com/viebiz/lit/postgres/mock_ContextTransactor.go:261.2,262.87 2 0
github.com/viebiz/lit/postgres/mock_ContextTransactor.go:262.87,264.3 1 0
github.com/viebiz/lit/postgres/mock_ContextTransactor.go:264.8,265.24 1 0
github.com/viebiz/lit/postgres/mock_ContextTransactor.go:265.24,267.4 1 0
github.com/viebiz/lit/postgres/mock_ContextTransactor.go:270.2,270.11 1 0
github.com/viebiz/lit/postgres/mock_ContextTransactor.go:274.51,277.19 2 0
github.com/viebiz/lit/postgres/mock_ContextTransactor.go:277.19,278.50 1 0
github.com/viebiz/lit/postgres/mock_ContextTransactor.go:281.2,282.45 2 0
github.com/viebiz/lit/postgres/mock_ContextTransactor.go:282.45,284.3 1 0
github.com/viebiz/lit/postgres/mock_ContextTransactor.go:284.8,286.3 1 0
github.com/viebiz/lit/postgres/mock_ContextTransactor.go:288.2,288.11 1 0
github.com/viebiz/lit/postgres/mock_ContextTransactor.go:296.27,300.19 3 0
github.com/viebiz/lit/postgres/mock_ContextTransactor.go:300.19,300.49 1 0
github.com/viebiz/lit/postgres/mock_ContextTransactor.go:302.2,302.13 1 0
github.com/viebiz/lit/postgres/mock_Executor.go:17.85,23.19 5 0
github.com/viebiz/lit/postgres/mock_Executor.go:23.19,24.46 1 0
github.com/viebiz/lit/postgres/mock_Executor.go:27.2,29.81 3 0
github.com/viebiz/lit/postgres/mock_Executor.go:29.81,31.3 1 0
github.com/viebiz/lit/postgres/mock_Executor.go:32.2,32.72 1 0
github.com/viebiz/lit/postgres/mock_Executor.go:32.72,34.3 1 0
github.com/viebiz/lit/postgres/mock_Executor.go:34.8,35.24 1 0
github.com/viebiz/lit/postgres/mock_Executor.go:35.24,37.4 1 0
github.com/viebiz/lit/postgres/mock_Executor.go:40.2,40.67 1 0
github.com/viebiz/lit/postgres/mock_Executor.go:40.67,42.3 1 0
github.com/viebiz/lit/postgres/mock_Executor.go:42.8,44.3 1 0
github.com/viebiz/lit/postgres/mock_Executor.go:46.2,46.15 1 0
github.com/viebiz/lit/postgres/mock_Executor.go:50.66,53.19 2 0
github.com/viebiz/lit/postgres/mock_Executor.go:53.19,54.49 1 0
github.com/viebiz/lit/postgres/mock_Executor.go:57.2,59.64 3 0
github.com/viebiz/lit/postgres/mock_Executor.go:59.64,61.3 1 0
github.com/viebiz/lit/postgres/mock_Executor.go:62.2,62.55 1 0
github.com/viebiz/lit/postgres/mock_Executor.go:62.55,64.3 1 0
github.com/viebiz/lit/postgres/mock_Executor.go:64.8,65.24 1 0
github.com/viebiz/lit/postgres/mock_Executor.go:65.24,67.4 1 0
github.com/viebiz/lit/postgres/mock_Executor.go:70.2,70.51 1 0
github.com/viebiz/lit/postgres/mock_Executor.go:70.51,72.3 1 0
github.com/viebiz/lit/postgres/mock_Executor.go:72.8,74.3 1 0
github.com/viebiz/lit/postgres/mock_Executor.go:76.2,76.15 1 0
github.com/viebiz/lit/postgres/mock_Executor.go:80.85,86.19 5 0
github.com/viebiz/lit/postgres/mock_Executor.go:86.19,87.47 1 0
github.com/viebiz/lit/postgres/mock_Executor.go:90.2,92.80 3 0
github.com/viebiz/lit/postgres/mock_Executor.go:92.80,94.3 1 0
github.com/viebiz/lit/postgres/mock_Executor.go:95.2,95.71 1 0
github.com/viebiz/lit/postgres/mock_Executor.go:95.71,97.3 1 0
github.com/viebiz/lit/postgres/mock_Executor.go:97.8,98.24 1 0
github.com/viebiz/lit/postgres/mock_Executor.go:98.24,100.4 1 0
github.com/viebiz/lit/postgres/mock_Executor.go:103.2,103.67 1 0
github.com/viebiz/lit/postgres/mock_Executor.go:103.67,105.3 1 0
github.com/viebiz/lit/postgres/mock_Executor.go:105.8,107.3 1 0
github.com/viebiz/lit/postgres/mock_Executor.go:109.2,109.15 1 0
github.com/viebiz/lit/postgres/mock_Executor.go:113.78,119.19 5 0
github.com/viebiz/lit/postgres/mock_Executor.go:119.19,120.50 1 0
github.com/viebiz/lit/postgres/mock_Executor.go:123.2,124.70 2 0
github.com/viebiz/lit/postgres/mock_Executor.go:124.70,126.3 1 0
github.com/viebiz/lit/postgres/mock_Executor.go:126.8,127.24 1 0
github.com/viebiz/lit/postgres/mock_Executor.go:127.24,129.4 1 0
github.com/viebiz/lit/postgres/mock_Executor.go:132.2,132.11 1 0
github.com/viebiz/lit/postgres/mock_Executor.go:140.18,144.19 3 0
github.com/viebiz/lit/postgres/mock_Executor.go:144.19,144.49 1 0
github.com/viebiz/lit/postgres/mock_Executor.go:146.2,146.13 1 0
github.com/viebiz/lit/postgres/mock_Transactor.go:17.42,20.19 2 0
github.com/viebiz/lit/postgres/mock_Transactor.go:20.19,21.48 1 0
github.com/viebiz/lit/postgres/mock_Transactor.go:24.2,25.45 2 0
github.com/viebiz/lit/postgres/mock_Transactor.go:25.45,27.3 1 0
github.com/viebiz/lit/postgres/mock_Transactor.go:27.8,29.3 1 0
github.com/viebiz/lit/postgres/mock_Transactor.go:31.2,31.11 1 0
github.com/viebiz/lit/postgres/mock_Transactor.go:35.87,41.19 5 0
github.com/viebiz/lit/postgres/mock_Transactor.go:41.19,42.46 1 0
github.com/viebiz/lit/postgres/mock_Transactor.go:45.2,47.81 3 0
github.com/viebiz/lit/postgres/mock_Transactor.go:47.81,49.3 1 0
github.com/viebiz/lit/postgres/mock_Transactor.go:50.2,50.72 1 0
github.com/viebiz/lit/postgres/mock_Transactor.go:50.72,52.3 1 0
github.com/viebiz/lit/postgres/mock_Transactor.go:52.8,53.24 1 0
github.com/viebiz/lit/postgres/mock_Transactor.go:53.24,55.4 1 0
github.com/viebiz/lit/postgres/mock_Transactor.go:58.2,58.67 1 0
github.com/viebiz/lit/postgres/mock_Transactor.go:58.67,60.3 1 0
github.com/viebiz/lit/postgres/mock_Transactor.go:60.8,62.3 1 0
github.com/viebiz/lit/postgres/mock_Transactor.go:64.2,64.15 1 0
github.com/viebiz/lit/postgres/mock_Transactor.go:68.68,71.19 2 0
github.com/viebiz/lit/postgres/mock_Transactor.go:71.19,72.49 1 0
github.com/viebiz/lit/postgres/mock_Transactor.go:75.2,77.64 3 0
github.com/viebiz/lit/postgres/mock_Transactor.go:77.64,79.3 1 0
github.com/viebiz/lit/postgres/mock_Transactor.go:80.2,80.55 1 0
github.com/viebiz/lit/postgres/mock_Transactor.go:80.55,82.3 1 0
github.com/viebiz/lit/postgres/mock_Transactor.go:82.8,83.24 1 0
github.com/viebiz/lit/postgres/mock_Transactor.go:83.24,85.4 1 0
github.com/viebiz/lit/postgres/mock_Transactor.go:88.2,88.51 1 0
github.com/viebiz/lit/postgres/mock_Transactor.go:88.51,90.3 1 0
github.com/viebiz/lit/postgres/mock_Transactor.go:90.8,92.3 1 0
github.com/viebiz/lit/postgres/mock_Transactor.go:94.2,94.15 1 0
github.com/viebiz/lit/postgres/mock_Transactor.go:98.87,104.19 5 0
github.com/viebiz/lit/postgres/mock_Transactor.go:104.19,105.47 1 0
github.com/viebiz/lit/postgres/mock_Transactor.go:108.2,110.80 3 0
github.com/viebiz/lit/postgres/mock_Transactor.go:110.80,112.3 1 0
github.com/viebiz/lit/postgres/mock_Transactor.go:113.2,113.71 1 0
github.com/viebiz/lit/postgres/mock_Transactor.go:113.71,115.3 1 0
github.com/viebiz/lit/postgres/mock_Transactor.go:115.8,116.24 1 0
github.com/viebiz/lit/postgres/mock_Transactor.go:116.24,118.4 1 0
github.com/viebiz/lit/postgres/mock_Transactor.go:121.2,121.67 1 0
github.com/viebiz/lit/postgres/mock_Transactor.go:121.67,123.3 1 0
github.com/viebiz/lit/postgres/mock_Transactor.go:123.8,125.3 1 0
github.com/viebiz/lit/postgres/mock_Transactor.go:127.2,127.15 1 0
github.com/viebiz/lit/postgres/mock_Transactor.go:131.80,137.19 5 0
github.com/viebiz/lit/postgres/mock_Transactor.go:137.19,138.50 1 0
github.com/viebiz/lit/postgres/mock_Transactor.go:141.2,142.70 2 0
github.com/viebiz/lit/postgres/mock_Transactor.go:142.70,144.3 1 0
github.com/viebiz/lit/postgres/mock_Transactor.go:144.8,145.24 1 0
github.com/viebiz/lit/postgres/mock_Transactor.go:145.24,147.4 1 0
github.com/viebiz/lit/postgres/mock_Transactor.go:150.2,150.11 1 0
github.com/viebiz/lit/postgres/mock_Transactor.go:154.44,157.19 2 0
github.com/viebiz/lit/postgres/mock_Transactor.go:157.19,158.50 1 0
github.com/viebiz/lit/postgres/mock_Transactor.go:161.2,162.45 2 0
github.com/viebiz/lit/postgres/mock_Transactor.go:162.45,164.3 1 0
github.com/viebiz/lit/postgres/mock_Transactor.go:164.8,166.3 1 0
github.com/viebiz/lit/postgres/mock_Transactor.go:168.2,168.11 1 0
github.com/viebiz/lit/postgres/mock_Transactor.go:176.20,180.19 3 0
github.com/viebiz/lit/postgres/mock_Transactor.go:180.19,180.49 1 0
github.com/viebiz/lit/postgres/mock_Transactor.go:182.2,182.13 1 0
